1618913300, pt eta : 0.0-30.0 |2.4|, BDT [ 0.30, 1.00 ]
BDT with ExpErf NLL : -102433
1618913300, pt eta : 0.0-30.0 |2.4|, BDT [ 0.30, 1.00 ]
BDT with Chebychev4  NLL : -102433

1618913300, pt eta : 0.0-30.0 |2.4|, BDT [ 0.30, 1.00 ]
BDT with ExpErf NLL : -102433
1618913300, pt eta : 0.0-30.0 |2.4|, BDT [ 0.30, 1.00 ]
BDT with Chebychev4  NLL : -102433
1618913300, pt eta : 0.0-30.0 |2.4|, BDT [ 0.40, 1.00 ]
BDT with Chebychev4  NLL : -10474.4
1618913300, pt eta : 0.0-30.0 |2.4|, BDT [ 0.20, 1.00 ]
BDT with Chebychev4  NLL : -402129
1618913300, pt eta : 0.0-30.0 |2.4|, BDT [ 0.40, 1.00 ]
BDT with Chebychev4  NLL : -10476.9
1618913300, pt eta : 0.0-30.0 |2.4|, BDT [ 0.30, 1.00 ]
BDT with Chebychev4  NLL : -102436
1618913300, pt eta : 0.0-30.0 |2.4|, BDT [ 0.20, 1.00 ]
BDT with Chebychev4  NLL : -402131
1618913300, pt eta : 0.0-30.0 |2.4|, BDT [ 0.00, 1.00 ]
BDT with Chebychev4  NLL : -1.91696e+06
1618913300, pt eta : 0.0-30.0 |2.4|, BDT [ 0.40, 1.00 ]
BDT with ExpErf NLL : -10473.6
1618913300, pt eta : 0.0-30.0 |2.4|, BDT [ 0.30, 1.00 ]
BDT with ExpErf NLL : -102433
1618913300, pt eta : 0.0-30.0 |2.4|, BDT [ 0.20, 1.00 ]
BDT with ExpErf NLL : -402083
1618913300, pt eta : 0.0-30.0 |2.4|, BDT [ 0.20, 1.00 ]
BDT with Chebychev4  NLL : -402126
1618913300, pt eta : 0.0-30.0 |2.4|, BDT [ 0.00, 1.00 ]
BDT with ExpErf NLL : -1.91701e+06
1618913300, pt eta : 0.0-30.0 |2.4|, BDT [ 0.00, 1.00 ]
BDT with Chebychev4  NLL : -1.91701e+06
1618913300, pt eta : 0.0-30.0 |2.4|, BDT [ 0.00, 1.00 ]
BDT with Chebychev4  NLL : -1.91701e+06
1618913300, pt eta : 0.0-30.0 |2.4|, BDT [ 0.20, 1.00 ]
BDT with Chebychev4  NLL : -402129
1618913300, pt eta : 0.0-30.0 |2.4|, BDT [ 0.20, 1.00 ]
BDT with Chebychev4  NLL : -402129
1618913300, pt eta : 0.0-30.0 |2.4|, BDT [ 0.20, 1.00 ]
BDT with Chebychev4  NLL : -402131
1618913300, pt eta : 0.0-30.0 |2.4|, BDT [ 0.00, 1.00 ]
BDT with Chebychev4  NLL : -1.91701e+06
1618913300, pt eta : 0.0-30.0 |2.4|, BDT [ 0.30, 1.00 ]
BDT with Chebychev4  NLL : -102437
1618913300, pt eta : 0.0-30.0 |2.4|, BDT [ 0.20, 1.00 ]
BDT with Chebychev4  NLL : -402085
1618913300, pt eta : 0.0-30.0 |2.4|, BDT [ 0.20, 1.00 ]
BDT with Chebychev4  NLL : -402131
1618913300, pt eta : 0.0-30.0 |2.4|, BDT [ 0.30, 1.00 ]
BDT with Chebychev4  NLL : -102437
1618913300, pt eta : 0.0-30.0 |2.4|, BDT [ 0.00, 1.00 ]
BDT with Chebychev4  NLL : -1.91701e+06
1618930830, pt eta : 0.0-30.0 |2.4|, BDT [ 0.30, 1.00 ]
BDT with Chebychev4  NLL : -140468
1618930830, pt eta : 0.0-30.0 |2.4|, BDT [ 0.30, 1.00 ]
BDT with ExpErf NLL : -140411
1618930830, pt eta : 0.0-30.0 |2.4|, BDT [ 0.30, 1.00 ]
BDT with Chebychev4  NLL : -102322
1618930830, pt eta : 0.0-30.0 |2.4|, BDT [ 0.30, 1.00 ]
BDT with ExpErf NLL : -103757
1618930830, pt eta : 0.0-30.0 |2.4|, BDT [ 0.00, 1.00 ]
BDT with Chebychev4  NLL : -2.66439e+06
1618930830, pt eta : 0.0-30.0 |2.4|, BDT [ 0.40, 1.00 ]
BDT with Chebychev4  NLL : -5077.49
1618930830, pt eta : 0.0-30.0 |2.4|, BDT [ 0.30, 1.00 ]
BDT with Chebychev4  NLL : -103734
1618930830, pt eta : 0.0-30.0 |2.4|, BDT [ 0.40, 1.00 ]
BDT with Chebychev4  NLL : -3880.71
1618930830, pt eta : 0.0-30.0 |2.4|, BDT [ 0.30, 1.00 ]
BDT with Chebychev4  NLL : -54799.3
1618930830, pt eta : 0.0-30.0 |2.4|, BDT [ 0.20, 1.00 ]
BDT with Chebychev4  NLL : -149375
1618930830, pt eta : 0.0-30.0 |2.4|, BDT [ 0.20, 1.00 ]
BDT with Chebychev4  NLL : -415882
1618913300, pt eta : 0.0-30.0 |2.4|, BDT [ 0.40, 1.00 ]
BDT with Chebychev4  NLL : -8103.77
1618913300, pt eta : 0.0-30.0 |2.4|, BDT [ 0.30, 1.00 ]
BDT with Chebychev4  NLL : -57959.6
1618913300, pt eta : 0.0-30.0 |2.4|, BDT [ 0.20, 1.00 ]
BDT with Chebychev4  NLL : -171368
1618913300, pt eta : 0.0-30.0 |2.4|, BDT [ 0.40, 1.00 ]
BDT with Chebychev2  NLL : -10472.1
1618913300, pt eta : 0.0-30.0 |2.4|, BDT [ 0.40, 1.00 ]
BDT with Chebychev3  NLL : -10472.3
1618913300, pt eta : 0.0-30.0 |2.4|, BDT [ 0.30, 1.00 ]
BDT with Chebychev2  NLL : -102432
1618913300, pt eta : 0.0-30.0 |2.4|, BDT [ 0.30, 1.00 ]
BDT with Chebychev3  NLL : -102433
1618913300, pt eta : 0.0-30.0 |2.4|, BDT [ 0.40, 1.00 ]
BDT with Chebychev4  NLL : -10476.9
1618913300, pt eta : 0.0-30.0 |2.4|, BDT [ 0.20, 1.00 ]
BDT with Chebychev2  NLL : -402070
1618913300, pt eta : 0.0-30.0 |2.4|, BDT [ 0.30, 1.00 ]
BDT with Chebychev4  NLL : -102437
1618913300, pt eta : 0.0-30.0 |2.4|, BDT [ 0.20, 1.00 ]
BDT with Chebychev3  NLL : -402126
1618913300, pt eta : 0.0-30.0 |2.4|, BDT [ 0.20, 1.00 ]
BDT with Chebychev4  NLL : -402131
1618913300, pt eta : 0.0-30.0 |2.4|, BDT [ 0.00, 1.00 ]
BDT with Chebychev3  NLL : -1.91695e+06
1618913300, pt eta : 0.0-30.0 |2.4|, BDT [ 0.00, 1.00 ]
BDT with Chebychev2  NLL : -1.91701e+06
1618913300, pt eta : 0.0-30.0 |2.4|, BDT [ 0.00, 1.00 ]
BDT with Chebychev4  NLL : -1.91701e+06
1618930830, pt eta : 0.0-30.0 |2.4|, BDT [ 0.40, 1.00 ]
BDT with Chebychev2  NLL : -5078.84
1618930830, pt eta : 0.0-30.0 |2.4|, BDT [ 0.40, 1.00 ]
BDT with Chebychev3  NLL : -5079.01
1618930830, pt eta : 0.0-30.0 |2.4|, BDT [ 0.40, 1.00 ]
BDT with Chebychev4  NLL : -5079.71
1618930830, pt eta : 0.0-30.0 |2.4|, BDT [ 0.30, 1.00 ]
BDT with Chebychev4  NLL : -102322
1618930830, pt eta : 0.0-30.0 |2.4|, BDT [ 0.30, 1.00 ]
BDT with Chebychev2  NLL : -103746
1618930830, pt eta : 0.0-30.0 |2.4|, BDT [ 0.30, 1.00 ]
BDT with Chebychev3  NLL : -103746
1618930830, pt eta : 0.0-30.0 |2.4|, BDT [ 0.20, 1.00 ]
BDT with Chebychev3  NLL : -415880
1618930830, pt eta : 0.0-30.0 |2.4|, BDT [ 0.20, 1.00 ]
BDT with Chebychev2  NLL : -415870
1618930830, pt eta : 0.0-30.0 |2.4|, BDT [ 0.20, 1.00 ]
BDT with Chebychev4  NLL : -415892
1618930830, pt eta : 0.0-30.0 |2.4|, BDT [ 0.00, 1.00 ]
BDT with Chebychev2  NLL : -2.61731e+06
1618930830, pt eta : 0.0-30.0 |2.4|, BDT [ 0.00, 1.00 ]
BDT with Chebychev3  NLL : -2.6644e+06
1618930830, pt eta : 0.0-30.0 |2.4|, BDT [ 0.00, 1.00 ]
BDT with Chebychev4  NLL : -2.66439e+06
1619007268, pt eta : 0.0-30.0 |2.4|, BDT [ 0.40, 1.00 ]
BDT with Chebychev2  NLL : -6352.91
1619007268, pt eta : 0.0-30.0 |2.4|, BDT [ 0.40, 1.00 ]
BDT with Chebychev3  NLL : -6353.39
1619007268, pt eta : 0.0-30.0 |2.4|, BDT [ 0.40, 1.00 ]
BDT with Chebychev4  NLL : -6353.74
1619007268, pt eta : 0.0-30.0 |2.4|, BDT [ 0.30, 1.00 ]
BDT with Chebychev3  NLL : -43153
1619007268, pt eta : 0.0-30.0 |2.4|, BDT [ 0.30, 1.00 ]
BDT with Chebychev2  NLL : -43159.5
1619007268, pt eta : 0.0-30.0 |2.4|, BDT [ 0.30, 1.00 ]
BDT with Chebychev4  NLL : -43156.9
1619007268, pt eta : 0.0-30.0 |2.4|, BDT [ 0.20, 1.00 ]
BDT with Chebychev4  NLL : -148829
1619007268, pt eta : 0.0-30.0 |2.4|, BDT [ 0.20, 1.00 ]
BDT with Chebychev3  NLL : -148835
1619007268, pt eta : 0.0-30.0 |2.4|, BDT [ 0.20, 1.00 ]
BDT with Chebychev2  NLL : -148839
1619007268, pt eta : 0.0-30.0 |2.4|, BDT [ 0.00, 1.00 ]
BDT with Chebychev2  NLL : -586389
1619007268, pt eta : 0.0-30.0 |2.4|, BDT [ 0.00, 1.00 ]
BDT with Chebychev3  NLL : -586400
1619007268, pt eta : 0.0-30.0 |2.4|, BDT [ 0.00, 1.00 ]
BDT with Chebychev4  NLL : -586403
1619007268, pt eta : 0.0-30.0 |2.4|, BDT [ 0.40, 1.00 ]
BDT with Chebychev2  NLL : -4737.7
1619007268, pt eta : 0.0-30.0 |2.4|, BDT [ 0.40, 1.00 ]
BDT with Chebychev3  NLL : -4737.72
1619007268, pt eta : 0.0-30.0 |2.4|, BDT [ 0.40, 1.00 ]
BDT with Chebychev4  NLL : -4738.66
1619007268, pt eta : 0.0-30.0 |2.4|, BDT [ 0.30, 1.00 ]
BDT with Chebychev2  NLL : -32548.6
1619007268, pt eta : 0.0-30.0 |2.4|, BDT [ 0.30, 1.00 ]
BDT with Chebychev4  NLL : -32548.9
1619007268, pt eta : 0.0-30.0 |2.4|, BDT [ 0.30, 1.00 ]
BDT with Chebychev3  NLL : -32549
1619007268, pt eta : 0.0-30.0 |2.4|, BDT [ 0.20, 1.00 ]
BDT with Chebychev3  NLL : -110408
1619007268, pt eta : 0.0-30.0 |2.4|, BDT [ 0.20, 1.00 ]
BDT with Chebychev2  NLL : -110418
1619007268, pt eta : 0.0-30.0 |2.4|, BDT [ 0.20, 1.00 ]
BDT with Chebychev4  NLL : -110419
1619007268, pt eta : 0.0-30.0 |2.4|, BDT [ 0.00, 1.00 ]
BDT with Chebychev2  NLL : -423632
1619007268, pt eta : 0.0-30.0 |2.4|, BDT [ 0.00, 1.00 ]
BDT with Chebychev3  NLL : -423632
1619007268, pt eta : 0.0-30.0 |2.4|, BDT [ 0.00, 1.00 ]
BDT with Chebychev4  NLL : -423633
1618913300, pt eta : 0.0-30.0 |2.4|, BDT [ 0.40, 1.00 ]
BDT with ExpErf NLL : -10473.6
1618913300, pt eta : 0.0-30.0 |2.4|, BDT [ 0.30, 1.00 ]
BDT with ExpErf NLL : -102433
1618913300, pt eta : 0.0-30.0 |2.4|, BDT [ 0.20, 1.00 ]
BDT with ExpErf NLL : -402083
1618913300, pt eta : 0.0-30.0 |2.4|, BDT [ 0.40, 1.00 ]
BDT with Chebychev3  NLL : -10472.3
1618913300, pt eta : 0.0-30.0 |2.4|, BDT [ 0.40, 1.00 ]
BDT with Chebychev2  NLL : -10472.1
1618913300, pt eta : 0.0-30.0 |2.4|, BDT [ 0.40, 1.00 ]
BDT with Chebychev4  NLL : -10476.9
1618913300, pt eta : 0.0-30.0 |2.4|, BDT [ 0.40, 1.00 ]
BDT with ExpErf NLL : -10473.6
1618913300, pt eta : 0.0-30.0 |2.4|, BDT [ 0.30, 1.00 ]
BDT with Chebychev2  NLL : -102432
1618913300, pt eta : 0.0-30.0 |2.4|, BDT [ 0.30, 1.00 ]
BDT with ExpErf NLL : -102433
1618913300, pt eta : 0.0-30.0 |2.4|, BDT [ 0.30, 1.00 ]
BDT with Chebychev4  NLL : -102437
1618913300, pt eta : 0.0-30.0 |2.4|, BDT [ 0.30, 1.00 ]
BDT with Chebychev3  NLL : -102433
1618913300, pt eta : 0.0-30.0 |2.4|, BDT [ 0.20, 1.00 ]
BDT with Chebychev2  NLL : -402070
1618913300, pt eta : 0.0-30.0 |2.4|, BDT [ 0.20, 1.00 ]
BDT with Chebychev3  NLL : -402126
1618913300, pt eta : 0.0-30.0 |2.4|, BDT [ 0.20, 1.00 ]
BDT with ExpErf NLL : -402083
1618913300, pt eta : 0.0-30.0 |2.4|, BDT [ 0.20, 1.00 ]
BDT with Chebychev4  NLL : -402131
1618913300, pt eta : 0.0-30.0 |2.4|, BDT [ 0.00, 1.00 ]
BDT with Chebychev3  NLL : -1.91695e+06
1618913300, pt eta : 0.0-30.0 |2.4|, BDT [ 0.00, 1.00 ]
BDT with Chebychev2  NLL : -1.91701e+06
1618913300, pt eta : 0.0-30.0 |2.4|, BDT [ 0.00, 1.00 ]
BDT with Chebychev4  NLL : -1.91701e+06
1619007268, pt eta : 0.0-30.0 |2.4|, BDT [ 0.40, 1.00 ]
BDT with ExpErf NLL : -4737.8
1619007268, pt eta : 0.0-30.0 |2.4|, BDT [ 0.30, 1.00 ]
BDT with ExpErf NLL : -32548.1
1619007268, pt eta : 0.0-30.0 |2.4|, BDT [ 0.20, 1.00 ]
BDT with ExpErf NLL : -110401
1618913300, pt eta : 0.0-30.0 |2.4|, BDT [ 0.00, 1.00 ]
BDT with ExpErf NLL : -1.91701e+06
1619007268, pt eta : 0.0-30.0 |2.4|, BDT [ 0.00, 1.00 ]
BDT with ExpErf NLL : -423626
1619007268, pt eta : 0.0-30.0 |2.4|, BDT [ 0.40, 1.00 ]
BDT with Chebychev4  NLL : -4738.66
1619007268, pt eta : 0.0-30.0 |2.4|, BDT [ 0.40, 1.00 ]
BDT with Chebychev3  NLL : -4737.66
1619007268, pt eta : 0.0-30.0 |2.4|, BDT [ 0.30, 1.00 ]
BDT with Chebychev4  NLL : -32548.9
1619007268, pt eta : 0.0-30.0 |2.4|, BDT [ 0.30, 1.00 ]
BDT with Chebychev3  NLL : -32549
1619007268, pt eta : 0.0-30.0 |2.4|, BDT [ 0.20, 1.00 ]
BDT with Chebychev3  NLL : -110417
1619007268, pt eta : 0.0-30.0 |2.4|, BDT [ 0.20, 1.00 ]
BDT with Chebychev4  NLL : -110419
1619007268, pt eta : 0.0-30.0 |2.4|, BDT [ 0.40, 1.00 ]
BDT with Chebychev4  NLL : -4738.66
1619007268, pt eta : 0.0-30.0 |2.4|, BDT [ 0.40, 1.00 ]
BDT with Chebychev3  NLL : -4737.66
1619007268, pt eta : 0.0-30.0 |2.4|, BDT [ 0.30, 1.00 ]
BDT with Chebychev3  NLL : -32546.4
1619007268, pt eta : 0.0-30.0 |2.4|, BDT [ 0.30, 1.00 ]
BDT with Chebychev4  NLL : -32548.9
1619007268, pt eta : 0.0-30.0 |2.4|, BDT [ 0.20, 1.00 ]
BDT with Chebychev3  NLL : -110418
1619007268, pt eta : 0.0-30.0 |2.4|, BDT [ 0.20, 1.00 ]
BDT with Chebychev4  NLL : -110420
1619007268, pt eta : 0.0-30.0 |2.4|, BDT [ 0.00, 1.00 ]
BDT with Chebychev4  NLL : -423630
1619007268, pt eta : 0.0-30.0 |2.4|, BDT [ 0.00, 1.00 ]
BDT with Chebychev3  NLL : -423632
1619007268, pt eta : 0.0-30.0 |2.4|, BDT [ 0.40, 1.00 ]
BDT with Chebychev2  NLL : -4737.7
1619007268, pt eta : 0.0-30.0 |2.4|, BDT [ 0.30, 1.00 ]
BDT with Chebychev2  NLL : -32547.8
1619007268, pt eta : 0.0-30.0 |2.4|, BDT [ 0.20, 1.00 ]
BDT with Chebychev2  NLL : -110417
1619007268, pt eta : 0.0-30.0 |2.4|, BDT [ 0.00, 1.00 ]
BDT with Chebychev2  NLL : -423632
1619007268, pt eta : 0.0-30.0 |2.4|, BDT [ 0.40, 1.00 ]
BDT with Chebychev2  NLL : -4737.7
1619007268, pt eta : 0.0-30.0 |2.4|, BDT [ 0.30, 1.00 ]
BDT with Chebychev2  NLL : -32547.7
1619007268, pt eta : 0.0-30.0 |2.4|, BDT [ 0.20, 1.00 ]
BDT with Chebychev2  NLL : -110417
1619007268, pt eta : 0.0-30.0 |2.4|, BDT [ 0.00, 1.00 ]
BDT with Chebychev2  NLL : -423602
1619021800, pt eta : 0.0-30.0 |2.4|, BDT [ 0.40, 1.00 ]
BDT with Chebychev2  NLL : -6383.4
1619021800, pt eta : 0.0-30.0 |2.4|, BDT [ 0.40, 1.00 ]
BDT with Chebychev3  NLL : -6383.71
1619021800, pt eta : 0.0-30.0 |2.4|, BDT [ 0.40, 1.00 ]
BDT with Chebychev4  NLL : -6384.43
1619021800, pt eta : 0.0-30.0 |2.4|, BDT [ 0.30, 1.00 ]
BDT with Chebychev2  NLL : -55675
1619021800, pt eta : 0.0-30.0 |2.4|, BDT [ 0.30, 1.00 ]
BDT with Chebychev4  NLL : -55675.3
1619021800, pt eta : 0.0-30.0 |2.4|, BDT [ 0.30, 1.00 ]
BDT with Chebychev3  NLL : -55674.9
1619021800, pt eta : 0.0-30.0 |2.4|, BDT [ 0.40, 1.00 ]
BDT with Chebychev3  NLL : -4132.31
1619021800, pt eta : 0.0-30.0 |2.4|, BDT [ 0.40, 1.00 ]
BDT with Chebychev2  NLL : -4131.87
1619021800, pt eta : 0.0-30.0 |2.4|, BDT [ 0.40, 1.00 ]
BDT with Chebychev4  NLL : -4135.64
1619021800, pt eta : 0.0-30.0 |2.4|, BDT [ 0.30, 1.00 ]
BDT with Chebychev4  NLL : -34492.5
1619021800, pt eta : 0.0-30.0 |2.4|, BDT [ 0.30, 1.00 ]
BDT with Chebychev2  NLL : -34504.2
1619021800, pt eta : 0.0-30.0 |2.4|, BDT [ 0.30, 1.00 ]
BDT with Chebychev3  NLL : -34505.2
1619021800, pt eta : 0.0-30.0 |2.4|, BDT [ 0.20, 1.00 ]
BDT with Chebychev4  NLL : -126175
1619021800, pt eta : 0.0-30.0 |2.4|, BDT [ 0.20, 1.00 ]
BDT with Chebychev2  NLL : -126169
1619021800, pt eta : 0.0-30.0 |2.4|, BDT [ 0.20, 1.00 ]
BDT with Chebychev3  NLL : -126170
1619021800, pt eta : 0.0-30.0 |2.4|, BDT [ 0.00, 1.00 ]
BDT with Chebychev2  NLL : -502684
1619021800, pt eta : 0.0-30.0 |2.4|, BDT [ 0.00, 1.00 ]
BDT with Chebychev3  NLL : -502686
1619021800, pt eta : 0.0-30.0 |2.4|, BDT [ 0.00, 1.00 ]
BDT with Chebychev4  NLL : -502686
1619021800, pt eta : 12.0-30.0 |2.4|, BDT [ 0.00, 1.00 ]
BDT with Chebychev3  NLL : -26466.2
1619021800, pt eta : 9.0-12.0 |2.4|, BDT [ 0.00, 1.00 ]
BDT with Chebychev3  NLL : -55641.7
1619021800, pt eta : 4.0-9.0 |2.4|, BDT [ 0.00, 1.00 ]
BDT with Chebychev3  NLL : -227117
1619021800, pt eta : 0.0-4.0 |2.4|, BDT [ 0.00, 1.00 ]
BDT with Chebychev3  NLL : -125977
1619021800, pt eta : 12.0-30.0 |2.4|, BDT [ 0.00, 1.00 ]
BDT with Chebychev3  NLL : -26448.6
1619021800, pt eta : 9.0-12.0 |2.4|, BDT [ 0.00, 1.00 ]
BDT with Chebychev3  NLL : -55641.6
1619021800, pt eta : 9.0-12.0 |2.4|, BDT [ 0.00, 1.00 ]
BDT with Chebychev3  NLL : -55641.6
1619021800, pt eta : 12.0-30.0 |2.4|, BDT [ 0.20, 1.00 ]
BDT with Chebychev3  NLL : -12838
1619021800, pt eta : 9.0-12.0 |2.4|, BDT [ 0.20, 1.00 ]
BDT with Chebychev3  NLL : -18499
1619021800, pt eta : 0.0-4.0 |2.4|, BDT [ 0.20, 1.00 ]
BDT with Chebychev3  NLL : -18836
1619021800, pt eta : 4.0-9.0 |2.4|, BDT [ 0.20, 1.00 ]
BDT with Chebychev3  NLL : -55199.7
1619021800, pt eta : 0.0-4.0 |2.4|, BDT [ 0.20, 1.00 ]
BDT with Chebychev3  NLL : -18841
1619021800, pt eta : 4.0-9.0 |2.4|, BDT [ 0.20, 1.00 ]
BDT with Chebychev3  NLL : -55199.7
1619021800, pt eta : 4.0-9.0 |2.4|, BDT [ 0.20, 1.00 ]
BDT with Chebychev3  NLL : -55199.9
1619021800, pt eta : 12.0-30.0 |2.4|, BDT [ 0.20, 1.00 ]
BDT with Chebychev3  NLL : -12839.1
1619021800, pt eta : 9.0-12.0 |2.4|, BDT [ 0.20, 1.00 ]
BDT with Chebychev3  NLL : -18499
1619021800, pt eta : 12.0-30.0 |2.4|, BDT [ 0.20, 1.00 ]
BDT with Chebychev3  NLL : -12839.1
1619021800, pt eta : 9.0-12.0 |2.4|, BDT [ 0.20, 1.00 ]
BDT with Chebychev3  NLL : -18499
1619021800, pt eta : 9.0-12.0 |2.4|, BDT [ 0.20, 1.00 ]
BDT with Chebychev3  NLL : -18496.9
1619021800, pt eta : 12.0-30.0 |2.4|, BDT [ 0.20, 1.00 ]
BDT with Chebychev3  NLL : -12839.2
1619021800, pt eta : 12.0-30.0 |2.4|, BDT [ 0.20, 1.00 ]
BDT with Chebychev3  NLL : -12839.2
1619021800, pt eta : 9.0-12.0 |2.4|, BDT [ 0.20, 1.00 ]
BDT with Chebychev3  NLL : -18499
1619021800, pt eta : 12.0-30.0 |2.4|, BDT [ 0.20, 1.00 ]
BDT with Chebychev3  NLL : -12839.2
1619021800, pt eta : 9.0-12.0 |2.4|, BDT [ 0.20, 1.00 ]
BDT with Chebychev3  NLL : -18499
1619743777, pt eta : 0.0-30.0 |2.4|, BDT [ 0.20, 1.00 ]
BDT with Chebychev3  NLL : -110662
1621568219, pt eta : 0.0-30.0 |2.4|, BDT [ 0.20, 1.00 ]
BDT with Chebychev3  NLL : -129069
1621568219, pt eta : 0.0-30.0 |2.4|, BDT [ 0.20, 1.00 ]
BDT with Chebychev3  NLL : -129069
1621568219, pt eta : 12.0-30.0 |2.4|, BDT [ 0.20, 1.00 ]
BDT with Chebychev3  NLL : -12854.4
1621568219, pt eta : 0.0-4.0 |2.4|, BDT [ 0.20, 1.00 ]
BDT with Chebychev3  NLL : -18298.8
1621568219, pt eta : 9.0-12.0 |2.4|, BDT [ 0.20, 1.00 ]
BDT with Chebychev3  NLL : -18367.7
1621568219, pt eta : 4.0-9.0 |2.4|, BDT [ 0.20, 1.00 ]
BDT with Chebychev3  NLL : -58570.4
1621568219, pt eta : 0.0-4.0 |2.4|, BDT [ 0.20, 1.00 ]
BDT with Chebychev3  NLL : -18298.8
1621568219, pt eta : 9.0-12.0 |2.4|, BDT [ 0.20, 1.00 ]
BDT with Chebychev3  NLL : -18382
1621568219, pt eta : 4.0-9.0 |2.4|, BDT [ 0.20, 1.00 ]
BDT with Chebychev3  NLL : -58594
1621568219, pt eta : 9.0-12.0 |2.4|, BDT [ 0.20, 1.00 ]
BDT with Chebychev3  NLL : -18387.1
1621568219, pt eta : 0.0-4.0 |2.4|, BDT [ 0.20, 1.00 ]
BDT with Chebychev3  NLL : -18308.2
1621568219, pt eta : 4.0-9.0 |2.4|, BDT [ 0.20, 1.00 ]
BDT with Chebychev3  NLL : -58601.3
1621568219, pt eta : 0.0-4.0 |2.4|, BDT [ 0.20, 1.00 ]
BDT with Chebychev3  NLL : -18312.4
1621568219, pt eta : 9.0-12.0 |2.4|, BDT [ 0.20, 1.00 ]
BDT with Chebychev3  NLL : -18391.2
1621568219, pt eta : 4.0-9.0 |2.4|, BDT [ 0.20, 1.00 ]
BDT with Chebychev3  NLL : -58601.5
1621568219, pt eta : 0.0-4.0 |2.4|, BDT [ 0.20, 1.00 ]
BDT with Chebychev3  NLL : -18313.1
1621568219, pt eta : 9.0-12.0 |2.4|, BDT [ 0.20, 1.00 ]
BDT with Chebychev3  NLL : -18391.2
1621568219, pt eta : 4.0-9.0 |2.4|, BDT [ 0.20, 1.00 ]
BDT with Chebychev3  NLL : -58604.5
1621568219, pt eta : 0.0-4.0 |2.4|, BDT [ 0.20, 1.00 ]
BDT with Chebychev3  NLL : -18313.2
1621568219, pt eta : 9.0-12.0 |2.4|, BDT [ 0.20, 1.00 ]
BDT with Chebychev3  NLL : -18391.3
1621568219, pt eta : 0.0-4.0 |2.4|, BDT [ 0.20, 1.00 ]
BDT with Chebychev3  NLL : -18313.2
1621568219, pt eta : 9.0-12.0 |2.4|, BDT [ 0.20, 1.00 ]
BDT with Chebychev3  NLL : -18391.3
1621568219, pt eta : 0.0-4.0 |2.4|, BDT [ 0.20, 1.00 ]
BDT with Chebychev3  NLL : -18308.3
1621568219, pt eta : 9.0-12.0 |2.4|, BDT [ 0.20, 1.00 ]
BDT with Chebychev3  NLL : -18391.3
1621568219, pt eta : 0.0-4.0 |2.4|, BDT [ 0.20, 1.00 ]
BDT with Chebychev3  NLL : -18311.2
1621568219, pt eta : 9.0-12.0 |2.4|, BDT [ 0.20, 1.00 ]
BDT with Chebychev3  NLL : -18391.3
1621568219, pt eta : 0.0-4.0 |2.4|, BDT [ 0.20, 1.00 ]
BDT with Chebychev3  NLL : -18311.3
1621568219, pt eta : 0.0-4.0 |2.4|, BDT [ 0.20, 1.00 ]
BDT with Chebychev3  NLL : -18313.2
1621568219, pt eta : 0.0-4.0 |2.4|, BDT [ 0.20, 1.00 ]
BDT with Chebychev3  NLL : -18313.4
1621568219, pt eta : 0.0-4.0 |2.4|, BDT [ 0.20, 1.00 ]
BDT with Chebychev3  NLL : -18313.4
1621568219, pt eta : 0.0-4.0 |2.4|, BDT [ 0.20, 1.00 ]
BDT with Chebychev3  NLL : -18313.3
1621568219, pt eta : 0.0-4.0 |2.4|, BDT [ 0.20, 1.00 ]
BDT with Chebychev3  NLL : -18313.4
1621568219, pt eta : 0.0-4.0 |2.4|, BDT [ 0.20, 1.00 ]
BDT with Chebychev3  NLL : -18313.3
1621568219, pt eta : 0.0-4.0 |2.4|, BDT [ 0.20, 1.00 ]
BDT with Chebychev3  NLL : -18313.4
1621568219, pt eta : 0.0-4.0 |2.4|, BDT [ 0.20, 1.00 ]
BDT with Chebychev3  NLL : -18313.3
1621568219, pt eta : 0.0-4.0 |2.4|, BDT [ 0.30, 1.00 ]
BDT with Chebychev3  NLL : -3783.8
1621568219, pt eta : 9.0-12.0 |2.4|, BDT [ 0.30, 1.00 ]
BDT with Chebychev3  NLL : -6776.58
1621568219, pt eta : 9.0-12.0 |2.4|, BDT [ 0.10, 1.00 ]
BDT with Chebychev3  NLL : -34519.8
1621568219, pt eta : 9.0-12.0 |2.4|, BDT [ 0.30, 1.00 ]
BDT with Chebychev3  NLL : -6776.58
1621568219, pt eta : 9.0-12.0 |2.4|, BDT [ -0.10, 1.00 ]
BDT with Chebychev3  NLL : -67975.9
1621574976, pt eta : 12.0-30.0 |2.4|, BDT [ 0.20, 1.00 ]
BDT with Chebychev3  NLL : -12807.5
1621574976, pt eta : 0.0-4.0 |2.4|, BDT [ 0.20, 1.00 ]
BDT with Chebychev3  NLL : -24035.3
1621574976, pt eta : 9.0-12.0 |2.4|, BDT [ 0.20, 1.00 ]
BDT with Chebychev3  NLL : -16197.7
1621574976, pt eta : 4.0-9.0 |2.4|, BDT [ 0.20, 1.00 ]
BDT with Chebychev3  NLL : -54860
1621574976, pt eta : 0.0-30.0 |2.4|, BDT [ 0.20, 1.00 ]
BDT with Chebychev3  NLL : -129141
1621574976, pt eta : 0.0-6.0 |2.4|, BDT [ 0.20, 1.00 ]
BDT with Chebychev3  NLL : -48441.6
1621574976, pt eta : 6.0-30.0 |2.4|, BDT [ 0.20, 1.00 ]
BDT with Chebychev3  NLL : -69163.2
1621574976, pt eta : 0.0-6.0 |2.4|, BDT [ 0.20, 1.00 ]
BDT with Chebychev3  NLL : -48442.4
1621574976, pt eta : 0.0-6.0 |2.4|, BDT [ 0.20, 1.00 ]
BDT with Chebychev3  NLL : -48442.2
1621574976, pt eta : 0.0-6.0 |2.4|, BDT [ 0.20, 1.00 ]
BDT with Chebychev3  NLL : -48442.3
1621574976, pt eta : 0.0-6.0 |2.4|, BDT [ 0.20, 1.00 ]
BDT with Chebychev3  NLL : -48441.5
1621574976, pt eta : 0.0-6.0 |2.4|, BDT [ 0.20, 1.00 ]
BDT with Chebychev3  NLL : -48443.4
1621574976, pt eta : 0.0-6.0 |2.4|, BDT [ 0.20, 1.00 ]
BDT with Chebychev3  NLL : -48442.4
1621574976, pt eta : 0.0-6.0 |2.4|, BDT [ 0.20, 1.00 ]
BDT with Chebychev3  NLL : -48442.1
1621574976, pt eta : 0.0-6.0 |2.4|, BDT [ 0.20, 1.00 ]
BDT with Chebychev3  NLL : -48442.3
123123, pt eta : 0.0-30.0 |2.4|, BDT [ -1.00, 1.00 ]
BDT with Chebychev3  NLL : -6.46102e+06
123123, pt eta : 0.0-1.0 |0.1|, BDT [ -1.00, 1.00 ]
BDT with Chebychev3  NLL : -6.48015e+06
1621574976, pt eta : 0.0-0.1 |0.1|, BDT [ -1.00, 1.00 ]
BDT with Chebychev3  NLL : -543.613
1621574976, pt eta : 0.0-0.1 |0.1|, BDT [ -1.00, 1.00 ]
BDT with Chebychev3  NLL : -543.613
1621574976, pt eta : 0.0-0.1 |0.1|, BDT [ -1.00, 1.00 ]
BDT with Chebychev3  NLL : -543.613
1111111111, pt eta : 0.0-0.1 |0.1|, BDT [ -1.00, 1.00 ]
BDT with Chebychev3  NLL : -997.724
1111111111, pt eta : 0.0-0.1 |0.1|, BDT [ -1.00, 1.00 ]
BDT with Chebychev3  NLL : -997.724
1111111111, pt eta : 0.0-0.1 |0.1|, BDT [ -1.00, 1.00 ]
BDT with Chebychev3  NLL : -997.724
1111111111, pt eta : 0.0-0.1 |0.1|, BDT [ -1.00, 1.00 ]
BDT with Chebychev3  NLL : -997.724
1111111111, pt eta : 0.0-0.1 |0.1|, BDT [ -1.00, 1.00 ]
BDT with Chebychev3  NLL : -997.724
1111111111, pt eta : 0.0-0.1 |0.1|, BDT [ -1.00, 1.00 ]
BDT with Chebychev3  NLL : -997.724
1111111111, pt eta : 0.0-0.1 |0.1|, BDT [ -1.00, 1.00 ]
BDT with Chebychev3  NLL : -997.724
1111111111, pt eta : 0.0-0.1 |0.1|, BDT [ -1.00, 1.00 ]
BDT with Chebychev3  NLL : -997.724
1111111111, pt eta : 0.0-0.1 |0.1|, BDT [ -1.00, 1.00 ]
BDT with Chebychev3  NLL : -997.724
1111111111, pt eta : 0.0-0.1 |0.1|, BDT [ -1.00, 1.00 ]
BDT with Chebychev3  NLL : -997.724
1111111111, pt eta : 0.0-0.1 |0.1|, BDT [ -1.00, 1.00 ]
BDT with Chebychev3  NLL : -997.724
1111111111, pt eta : 0.0-0.1 |0.1|, BDT [ -1.00, 1.00 ]
BDT with Chebychev3  NLL : -997.724
1111111111, pt eta : 0.0-0.1 |0.1|, BDT [ -1.00, 1.00 ]
BDT with Chebychev3  NLL : -997.724
1111111111, pt eta : 0.0-0.1 |0.1|, BDT [ -1.00, 1.00 ]
BDT with Chebychev3  NLL : -997.724
1111111111, pt eta : 0.0-0.1 |0.1|, BDT [ -1.00, 1.00 ]
BDT with Chebychev3  NLL : -997.724
1111111111, pt eta : 0.0-0.1 |0.1|, BDT [ -1.00, 1.00 ]
BDT with Chebychev3  NLL : -997.724
1111111111, pt eta : 0.0-0.1 |0.1|, BDT [ -1.00, 1.00 ]
BDT with Chebychev3  NLL : -997.658
1111111111, pt eta : 0.0-0.1 |0.1|, BDT [ -1.00, 1.00 ]
BDT with Chebychev3  NLL : -997.724
1111111111, pt eta : 0.0-0.1 |0.1|, BDT [ -1.00, 1.00 ]
BDT with Chebychev3  NLL : -997.658
1111111111, pt eta : 0.0-0.1 |0.1|, BDT [ -1.00, 1.00 ]
BDT with Chebychev3  NLL : -997.658
1111111111, pt eta : 0.0-0.1 |0.1|, BDT [ -1.00, 1.00 ]
BDT with Chebychev3  NLL : -997.658
1111111111, pt eta : 0.0-0.1 |0.1|, BDT [ -1.00, 1.00 ]
BDT with Chebychev3  NLL : -997.658
1111111111, pt eta : 0.0-0.1 |0.1|, BDT [ -1.00, 1.00 ]
BDT with Chebychev3  NLL : -997.658
1621574976, pt eta : 0.0-6.0 |2.4|, BDT [ 0.20, 1.00 ]
BDT with Chebychev3  NLL : -926409
1621574976, pt eta : 0.0-6.0 |2.4|, BDT [ 0.20, 1.00 ]
BDT with Chebychev3  NLL : -926409
1621574976, pt eta : 0.0-6.0 |2.4|, BDT [ 0.20, 1.00 ]
BDT with Chebychev3  NLL : -926409
1621574976, pt eta : 0.0-6.0 |2.4|, BDT [ 0.20, 1.00 ]
BDT with Chebychev3  NLL : -926409
1621574976, pt eta : 0.0-6.0 |0.1|, BDT [ 0.20, 1.00 ]
BDT with Chebychev3  NLL : -25080.6
1621574976, pt eta : 0.0-6.0 |0.1|, BDT [ 0.20, 1.00 ]
BDT with Chebychev3  NLL : -25080.6
1621574976, pt eta : 0.0-6.0 |0.1|, BDT [ 0.20, 1.00 ]
BDT with Chebychev3  NLL : -25080.7
1621574976, pt eta : 0.0-6.0 |0.1|, BDT [ 0.20, 1.00 ]
BDT with Chebychev3  NLL : -25080.6
1621574976, pt eta : 0.0-6.0 |0.1|, BDT [ 0.20, 1.00 ]
BDT with Chebychev3  NLL : -25080.6
1621574976, pt eta : 0.0-6.0 |0.1|, BDT [ 0.20, 1.00 ]
BDT with Chebychev3  NLL : -529.872
1621574976, pt eta : 0.0-6.0 |2.4|, BDT [ 0.20, 1.00 ]
BDT with Chebychev3  NLL : -48442.3
1621574976, pt eta : 0.0-6.0 |2.4|, BDT [ 0.20, 1.00 ]
BDT with Chebychev3  NLL : -48442.3
1621574976, pt eta : 0.0-6.0 |2.4|, BDT [ 0.20, 1.00 ]
BDT with Chebychev3  NLL : -48442.3
1621574976, pt eta : 0.0-6.0 |2.4|, BDT [ 0.20, 1.00 ]
BDT with Chebychev3  NLL : -48442.3
1621574976, pt eta : 0.0-6.0 |2.4|, BDT [ 0.20, 1.00 ]
BDT with Chebychev3  NLL : -48442.3
1621574976, pt eta : 0.0-6.0 |2.4|, BDT [ 0.20, 1.00 ]
BDT with Chebychev3  NLL : -48442.3
1621574976, pt eta : 0.0-6.0 |2.4|, BDT [ 0.20, 1.00 ]
BDT with Chebychev3  NLL : -48442.7
1621574976, pt eta : 0.0-6.0 |2.4|, BDT [ 0.20, 1.00 ]
BDT with Chebychev3  NLL : -48442.7
1621574976, pt eta : 0.0-6.0 |2.4|, BDT [ 0.20, 1.00 ]
BDT with Chebychev3  NLL : -48442.7
1621574976, pt eta : 0.0-6.0 |2.4|, BDT [ 0.20, 1.00 ]
BDT with Chebychev3  NLL : -48442.7
1621574976, pt eta : 0.0-6.0 |2.4|, BDT [ 0.20, 1.00 ]
BDT with Chebychev3  NLL : -48438.2
1621574976, pt eta : 0.0-6.0 |2.4|, BDT [ 0.20, 1.00 ]
BDT with Chebychev3  NLL : -48435.9
1621574976, pt eta : 0.0-6.0 |2.4|, BDT [ 0.20, 1.00 ]
BDT with Chebychev3  NLL : -48435.9
1621574976, pt eta : 0.0-6.0 |2.4|, BDT [ 0.20, 1.00 ]
BDT with Chebychev3  NLL : -48436.9
1621574976, pt eta : 0.0-6.0 |2.4|, BDT [ 0.20, 1.00 ]
BDT with Chebychev3  NLL : -48436.9
1621574976, pt eta : 0.0-6.0 |2.4|, BDT [ 0.20, 1.00 ]
BDT with Chebychev3  NLL : -48436.9
1621574976, pt eta : 0.0-6.0 |2.4|, BDT [ 0.20, 1.00 ]
BDT with Chebychev3  NLL : -48438.3
1621574976, pt eta : 0.0-6.0 |2.4|, BDT [ 0.20, 1.00 ]
BDT with Chebychev3  NLL : -48438.3
1621574976, pt eta : 0.0-6.0 |2.4|, BDT [ 0.20, 1.00 ]
BDT with Chebychev3  NLL : -48430.6
1621574976, pt eta : 0.0-6.0 |2.4|, BDT [ 0.20, 1.00 ]
BDT with Chebychev3  NLL : -48430.6
1621574976, pt eta : 0.0-6.0 |2.4|, BDT [ 0.20, 1.00 ]
BDT with Chebychev3  NLL : -48439
1621574976, pt eta : 0.0-6.0 |2.4|, BDT [ 0.20, 1.00 ]
BDT with Chebychev3  NLL : -48437.3
1621574976, pt eta : 0.0-6.0 |2.4|, BDT [ 0.20, 1.00 ]
BDT with Chebychev3  NLL : -48438.7
1621574976, pt eta : 0.0-6.0 |2.4|, BDT [ 0.20, 1.00 ]
BDT with Chebychev3  NLL : -48438.1
1621574976, pt eta : 0.0-6.0 |2.4|, BDT [ 0.20, 1.00 ]
BDT with Chebychev3  NLL : -48441
1621574976, pt eta : 0.0-6.0 |2.4|, BDT [ 0.20, 1.00 ]
BDT with Chebychev3  NLL : -48440.3
1621574976, pt eta : 0.0-6.0 |2.4|, BDT [ 0.20, 1.00 ]
BDT with Chebychev3  NLL : -48439.7
1621574976, pt eta : 0.0-6.0 |2.4|, BDT [ -0.12, 1.00 ]
BDT with Chebychev3  NLL : -313992
1621574976, pt eta : 0.0-6.0 |2.4|, BDT [ -0.12, 1.00 ]
BDT with Chebychev3  NLL : -313992
1621574976, pt eta : 0.0-6.0 |2.4|, BDT [ -0.12, 1.00 ]
BDT with Chebychev3  NLL : -313990
1621574976, pt eta : 0.0-6.0 |2.4|, BDT [ -0.12, 1.00 ]
BDT with Chebychev3  NLL : -313992
1621574976, pt eta : 0.0-6.0 |2.4|, BDT [ -0.12, 1.00 ]
BDT with Chebychev3  NLL : -313991
1621574976, pt eta : 0.0-6.0 |2.4|, BDT [ -0.12, 1.00 ]
BDT with Chebychev3  NLL : -313991
1621574976, pt eta : 0.0-6.0 |2.4|, BDT [ -0.10, 1.00 ]
BDT with Chebychev3  NLL : -164597
1621574976, pt eta : 0.0-6.0 |2.4|, BDT [ -0.08, 1.00 ]
BDT with Chebychev3  NLL : -84487.5
1621574976, pt eta : 0.0-6.0 |2.4|, BDT [ 0.06, 1.00 ]
BDT with Chebychev3  NLL : -5030.74
1621574976, pt eta : 0.0-6.0 |2.4|, BDT [ -0.12, 1.00 ]
BDT with Chebychev3  NLL : -313992
1621574976, pt eta : 6.0-30.0 |2.4|, BDT [ 0.12, 1.00 ]
BDT with Chebychev3  NLL : -67877.5
1621574976, pt eta : 6.0-30.0 |2.4|, BDT [ -0.03, 1.00 ]
BDT with Chebychev3  NLL : -59534.6
1621574976, pt eta : 6.0-30.0 |2.4|, BDT [ 0.22, 1.00 ]
BDT with Chebychev3  NLL : -1658.41
1621574976, pt eta : 6.0-30.0 |2.4|, BDT [ 0.09, 1.00 ]
BDT with Chebychev3  NLL : -133671
1621574976, pt eta : 0.0-30.0 |2.4|, BDT [ -0.10, 1.00 ]
BDT with Chebychev3  NLL : -342083
1621574976, pt eta : 0.0-30.0 |2.4|, BDT [ -0.06, 1.00 ]
BDT with Chebychev3  NLL : -156802
1621574976, pt eta : 0.0-30.0 |2.4|, BDT [ -0.06, 1.00 ]
BDT with Chebychev3  NLL : -15554.5
1621574976, pt eta : 0.0-30.0 |2.4|, BDT [ -0.12, 1.00 ]
BDT with Chebychev3  NLL : -619059
1621574976, pt eta : 0.0-6.0 |1.2|, BDT [ -0.01, 1.00 ]
BDT with Chebychev3  NLL : -50678.2
1621574976, pt eta : 0.0-6.0 |1.2|, BDT [ -0.12, 1.00 ]
BDT with Chebychev3  NLL : -46896.7
1621574976, pt eta : 0.0-6.0 |1.2|, BDT [ -0.07, 1.00 ]
BDT with Chebychev3  NLL : -3979.66
1621574976, pt eta : 0.0-6.0 |1.2|, BDT [ -0.11, 1.00 ]
BDT with Chebychev3  NLL : -145144
1621574976, pt eta : 6.0-30.0 |1.2|, BDT [ 0.12, 1.00 ]
BDT with Chebychev3  NLL : -43213.2
1621574976, pt eta : 6.0-30.0 |1.2|, BDT [ 0.03, 1.00 ]
BDT with Chebychev3  NLL : -32617.2
1621574976, pt eta : 6.0-30.0 |1.2|, BDT [ 0.13, 1.00 ]
BDT with Chebychev3  NLL : -1494.22
1621574976, pt eta : 6.0-30.0 |1.2|, BDT [ 0.22, 1.00 ]
BDT with Chebychev3  NLL : -34962.3
1621574976, pt eta : 0.0-30.0 |1.2|, BDT [ -0.10, 1.00 ]
BDT with Chebychev3  NLL : -199523
1621574976, pt eta : 0.0-30.0 |1.2|, BDT [ -0.08, 1.00 ]
BDT with Chebychev3  NLL : -94528.8
1621574976, pt eta : 0.0-30.0 |1.2|, BDT [ -0.06, 1.00 ]
BDT with Chebychev3  NLL : -7483.32
1621574976, pt eta : 0.0-30.0 |1.2|, BDT [ -0.10, 1.00 ]
BDT with Chebychev3  NLL : -336293
1621574976, pt eta : 0.0-6.0 |2.4|, BDT [ -0.10, 1.00 ]
BDT with Chebychev3  NLL : -164596
1621574976, pt eta : 0.0-6.0 |2.4|, BDT [ -0.08, 1.00 ]
BDT with Chebychev3  NLL : -84487.3
1621574976, pt eta : 0.0-6.0 |2.4|, BDT [ 0.06, 1.00 ]
BDT with Chebychev3  NLL : -5030.73
1621574976, pt eta : 0.0-6.0 |2.4|, BDT [ -0.12, 1.00 ]
BDT with Chebychev3  NLL : -313991
1621574976, pt eta : 6.0-30.0 |2.4|, BDT [ 0.12, 1.00 ]
BDT with Chebychev3  NLL : -67876.3
1621574976, pt eta : 6.0-30.0 |2.4|, BDT [ -0.03, 1.00 ]
BDT with Chebychev3  NLL : -59534.9
1621574976, pt eta : 6.0-30.0 |2.4|, BDT [ 0.22, 1.00 ]
BDT with Chebychev3  NLL : -1657.17
1621574976, pt eta : 6.0-30.0 |2.4|, BDT [ 0.09, 1.00 ]
BDT with Chebychev3  NLL : -133666
1621574976, pt eta : 0.0-30.0 |2.4|, BDT [ -0.10, 1.00 ]
BDT with Chebychev3  NLL : -342083
1621574976, pt eta : 0.0-30.0 |2.4|, BDT [ -0.06, 1.00 ]
BDT with Chebychev3  NLL : -156801
1621574976, pt eta : 0.0-30.0 |2.4|, BDT [ -0.06, 1.00 ]
BDT with Chebychev3  NLL : -15554.5
1621574976, pt eta : 0.0-30.0 |2.4|, BDT [ -0.12, 1.00 ]
BDT with Chebychev3  NLL : -619057
1621574976, pt eta : 0.0-6.0 |1.2|, BDT [ -0.01, 1.00 ]
BDT with Chebychev3  NLL : -50688.1
1621574976, pt eta : 0.0-6.0 |1.2|, BDT [ -0.12, 1.00 ]
BDT with Chebychev3  NLL : -46896.7
1621574976, pt eta : 0.0-6.0 |1.2|, BDT [ -0.07, 1.00 ]
BDT with Chebychev3  NLL : -3979.65
1621574976, pt eta : 0.0-6.0 |1.2|, BDT [ -0.11, 1.00 ]
BDT with Chebychev3  NLL : -145144
1621574976, pt eta : 6.0-30.0 |1.2|, BDT [ 0.12, 1.00 ]
BDT with Chebychev3  NLL : -43212.2
1621574976, pt eta : 6.0-30.0 |1.2|, BDT [ 0.03, 1.00 ]
BDT with Chebychev3  NLL : -32617.1
1621574976, pt eta : 6.0-30.0 |1.2|, BDT [ 0.13, 1.00 ]
BDT with Chebychev3  NLL : -1493.57
1621574976, pt eta : 6.0-30.0 |1.2|, BDT [ 0.22, 1.00 ]
BDT with Chebychev3  NLL : -34961.6
1621574976, pt eta : 0.0-30.0 |1.2|, BDT [ -0.10, 1.00 ]
BDT with Chebychev3  NLL : -199522
1621574976, pt eta : 0.0-30.0 |1.2|, BDT [ -0.08, 1.00 ]
BDT with Chebychev3  NLL : -94528.5
1621574976, pt eta : 0.0-30.0 |1.2|, BDT [ -0.06, 1.00 ]
BDT with Chebychev3  NLL : -7483.24
1621574976, pt eta : 0.0-6.0 |2.4|, BDT [ -0.10, 1.00 ]
BDT with Chebychev3  NLL : -164596
1621574976, pt eta : 0.0-6.0 |2.4|, BDT [ -0.08, 1.00 ]
BDT with Chebychev3  NLL : -84487.2
1621574976, pt eta : 0.0-6.0 |2.4|, BDT [ 0.06, 1.00 ]
BDT with Chebychev3  NLL : -5032.02
1621574976, pt eta : 0.0-6.0 |2.4|, BDT [ -0.12, 1.00 ]
BDT with Chebychev3  NLL : -313990
1621574976, pt eta : 6.0-30.0 |2.4|, BDT [ 0.12, 1.00 ]
BDT with Chebychev3  NLL : -67879.9
1621574976, pt eta : 6.0-30.0 |2.4|, BDT [ -0.03, 1.00 ]
BDT with Chebychev3  NLL : -59534.7
1621574976, pt eta : 6.0-30.0 |2.4|, BDT [ 0.22, 1.00 ]
BDT with Chebychev3  NLL : -1657.17
1621574976, pt eta : 6.0-30.0 |2.4|, BDT [ 0.09, 1.00 ]
BDT with Chebychev3  NLL : -133667
1621574976, pt eta : 0.0-30.0 |2.4|, BDT [ -0.10, 1.00 ]
BDT with Chebychev3  NLL : -342083
1621574976, pt eta : 0.0-30.0 |2.4|, BDT [ -0.06, 1.00 ]
BDT with Chebychev3  NLL : -156802
1621574976, pt eta : 0.0-30.0 |2.4|, BDT [ -0.06, 1.00 ]
BDT with Chebychev3  NLL : -15554.2
1621574976, pt eta : 0.0-30.0 |2.4|, BDT [ -0.12, 1.00 ]
BDT with Chebychev3  NLL : -619058
1621574976, pt eta : 0.0-6.0 |1.2|, BDT [ -0.01, 1.00 ]
BDT with Chebychev3  NLL : -50687.5
1621574976, pt eta : 0.0-6.0 |1.2|, BDT [ -0.12, 1.00 ]
BDT with Chebychev3  NLL : -46896.7
1621574976, pt eta : 0.0-6.0 |1.2|, BDT [ -0.07, 1.00 ]
BDT with Chebychev3  NLL : -3979
1621574976, pt eta : 0.0-6.0 |1.2|, BDT [ -0.11, 1.00 ]
BDT with Chebychev3  NLL : -145144
1621574976, pt eta : 6.0-30.0 |1.2|, BDT [ 0.12, 1.00 ]
BDT with Chebychev3  NLL : -43211.9
1621574976, pt eta : 6.0-30.0 |1.2|, BDT [ 0.03, 1.00 ]
BDT with Chebychev3  NLL : -32617.2
1621574976, pt eta : 6.0-30.0 |1.2|, BDT [ 0.13, 1.00 ]
BDT with Chebychev3  NLL : -1491.09
1621574976, pt eta : 6.0-30.0 |1.2|, BDT [ 0.22, 1.00 ]
BDT with Chebychev3  NLL : -34960.8
1621574976, pt eta : 0.0-30.0 |1.2|, BDT [ -0.10, 1.00 ]
BDT with Chebychev3  NLL : -199522
1621574976, pt eta : 0.0-30.0 |1.2|, BDT [ -0.08, 1.00 ]
BDT with Chebychev3  NLL : -94528.7
1621574976, pt eta : 0.0-30.0 |1.2|, BDT [ -0.06, 1.00 ]
BDT with Chebychev3  NLL : -7482.43
1621574976, pt eta : 0.0-30.0 |1.2|, BDT [ -0.10, 1.00 ]
BDT with Chebychev3  NLL : -336292
1621574976, pt eta : 0.0-30.0 |2.4|, BDT [ -1.00, 1.00 ]
BDT with Chebychev3  NLL : -1.58606e+06
1622517421, pt eta : 0.0-6.0 |2.4|, BDT [ 0.01, 1.00 ]
BDT with Chebychev3  NLL : -225442
1622517421, pt eta : 0.0-6.0 |2.4|, BDT [ 0.01, 1.00 ]
BDT with Chebychev3  NLL : -225442
1622517421, pt eta : 0.0-6.0 |2.4|, BDT [ -1.00, 1.00 ]
BDT with Chebychev3  NLL : -876799
1621574976, pt eta : 0.0-6.0 |2.4|, BDT [ -1.00, 1.00 ]
BDT with Chebychev3  NLL : -827690
1621574976, pt eta : 0.0-6.0 |2.4|, BDT [ -1.00, 1.00 ]
BDT with Chebychev3  NLL : -836456
1621574976, pt eta : 0.0-6.0 |2.4|, BDT [ -1.00, 1.00 ]
BDT with Chebychev3  NLL : -821743
1621574976, pt eta : 0.0-6.0 |2.4|, BDT [ -1.00, 1.00 ]
BDT with Chebychev3  NLL : -876804
1621574976, pt eta : 0.0-6.0 |2.4|, BDT [ -1.00, 1.00 ]
BDT with Chebychev3  NLL : -876804