
1619021800, pt eta : 0.0-4.0 |2.4|, BDT [ 0.20, 1.00 ]
BDT with Chebychev3  NLL : -18841
1619021800, pt eta : 0.0-4.0 |2.4|, BDT [ 0.00, 0.20 ]
BDT with Chebychev3  NLL : -99049.1
1619021800, pt eta : 0.0-30.0 |2.4|, BDT [ 0.20, 1.00 ]
BDT with Chebychev3  NLL : -126171
1619021800, pt eta : 0.0-30.0 |2.4|, BDT [ 0.00, 0.20 ]
BDT with Chebychev3  NLL : -342138
1619021800, pt eta : 0.0-4.0 |2.4|, BDT [ -1.00, 0.00 ]
BDT with Chebychev3  NLL : -408898
1619021800, pt eta : 0.0-30.0 |2.4|, BDT [ -1.00, 0.00 ]
BDT with Chebychev3  NLL : -978613
1619021800, pt eta : 9.0-12.0 |2.4|, BDT [ 0.20, 1.00 ]
BDT with Chebychev3  NLL : -18499
1619021800, pt eta : 9.0-12.0 |2.4|, BDT [ 0.00, 0.20 ]
BDT with Chebychev3  NLL : -31749.6
1619021800, pt eta : 9.0-12.0 |2.4|, BDT [ -1.00, 0.00 ]
BDT with Chebychev3  NLL : -69429.4
1619021800, pt eta : 4.0-9.0 |2.4|, BDT [ 0.20, 1.00 ]
BDT with Chebychev3  NLL : -55199.7
1619021800, pt eta : 12.0-30.0 |2.4|, BDT [ 0.00, 0.20 ]
BDT with Chebychev3  NLL : -10756.8
1619021800, pt eta : 12.0-30.0 |2.4|, BDT [ 0.20, 1.00 ]
BDT with Chebychev3  NLL : -12836.5
1619021800, pt eta : 12.0-30.0 |2.4|, BDT [ -1.00, 0.00 ]
BDT with Chebychev3  NLL : -22681.4
1619021800, pt eta : 0.0-6.0 |2.4|, BDT [ 0.20, 1.00 ]
BDT with Chebychev3  NLL : -40126.2
1619021800, pt eta : 4.0-9.0 |2.4|, BDT [ 0.00, 0.20 ]
BDT with Chebychev3  NLL : -155076
1619021800, pt eta : 0.0-6.0 |2.4|, BDT [ 0.00, 0.20 ]
BDT with Chebychev3  NLL : -170084
1619021800, pt eta : 4.0-9.0 |2.4|, BDT [ -1.00, 0.00 ]
BDT with Chebychev3  NLL : -365741
1619021800, pt eta : 0.0-6.0 |2.4|, BDT [ -1.00, 0.00 ]
BDT with Chebychev3  NLL : -594813
1619021800, pt eta : 0.0-6.0 |2.4|, BDT [ 0.20, 1.00 ]
BDT with Chebychev3  NLL : -22192.7
1619021800, pt eta : 0.0-6.0 |2.4|, BDT [ 0.00, 0.20 ]
BDT with Chebychev3  NLL : -97472.9
1619021800, pt eta : 6.0-30.0 |2.4|, BDT [ 0.20, 1.00 ]
BDT with Chebychev3  NLL : -75105.1
1619021800, pt eta : 6.0-30.0 |2.4|, BDT [ 0.00, 0.20 ]
BDT with Chebychev3  NLL : -143992
1619021800, pt eta : 6.0-30.0 |2.4|, BDT [ -1.00, 0.00 ]
BDT with Chebychev3  NLL : -315152
1619021800, pt eta : 0.0-6.0 |2.4|, BDT [ -1.00, 0.00 ]
BDT with Chebychev3  NLL : -350811
1619021800, pt eta : 6.0-30.0 |2.4|, BDT [ 0.20, 1.00 ]
BDT with Chebychev3  NLL : -43744.2
1619021800, pt eta : 0.0-30.0 |2.4|, BDT [ 0.20, 1.00 ]
BDT with Chebychev3  NLL : -72623.9
1619021800, pt eta : 6.0-30.0 |2.4|, BDT [ 0.00, 0.20 ]
BDT with Chebychev3  NLL : -89290.4
1619021800, pt eta : 6.0-30.0 |2.4|, BDT [ -1.00, 0.00 ]
BDT with Chebychev3  NLL : -203509
1619021800, pt eta : 0.0-30.0 |2.4|, BDT [ 0.00, 0.20 ]
BDT with Chebychev3  NLL : -204586
1619021800, pt eta : 0.0-30.0 |2.4|, BDT [ -1.00, 0.00 ]
BDT with Chebychev3  NLL : -599118
1619021800, pt eta : 0.0-6.0 |2.4|, BDT [ 0.20, 1.00 ]
BDT with Chebychev3  NLL : -12251.5
1619021800, pt eta : 6.0-30.0 |2.4|, BDT [ 0.20, 1.00 ]
BDT with Chebychev3  NLL : -22235.9
1619021800, pt eta : 6.0-30.0 |2.4|, BDT [ 0.00, 0.20 ]
BDT with Chebychev3  NLL : -40078.6
1619021800, pt eta : 0.0-6.0 |2.4|, BDT [ 0.00, 0.20 ]
BDT with Chebychev3  NLL : -51621.4
1619021800, pt eta : 6.0-30.0 |2.4|, BDT [ -1.00, 0.00 ]
BDT with Chebychev3  NLL : -84190.6
1619021800, pt eta : 0.0-6.0 |2.4|, BDT [ 0.20, 1.00 ]
BDT with Chebychev3  NLL : -1185.51
1619021800, pt eta : 0.0-6.0 |2.4|, BDT [ 0.00, 0.20 ]
BDT with Chebychev3  NLL : -5319.45
1619021800, pt eta : 0.0-6.0 |2.4|, BDT [ -1.00, 0.00 ]
BDT with Chebychev3  NLL : -16925.6
1619021800, pt eta : 0.0-30.0 |2.4|, BDT [ 0.20, 1.00 ]
BDT with Chebychev3  NLL : -38358.2
1619021800, pt eta : 0.0-6.0 |2.4|, BDT [ -1.00, 0.00 ]
BDT with Chebychev3  NLL : -180835
1619021800, pt eta : 6.0-30.0 |2.4|, BDT [ 0.20, 1.00 ]
BDT with Chebychev3  NLL : -1668.87
1619021800, pt eta : 6.0-30.0 |2.4|, BDT [ 0.00, 0.20 ]
BDT with Chebychev3  NLL : -2351.54
1619021800, pt eta : 0.0-30.0 |2.4|, BDT [ 0.20, 1.00 ]
BDT with Chebychev3  NLL : -3341.08
1619021800, pt eta : 6.0-30.0 |2.4|, BDT [ -1.00, 0.00 ]
BDT with Chebychev3  NLL : -4134.62
1619021800, pt eta : 0.0-30.0 |2.4|, BDT [ 0.00, 0.20 ]
BDT with Chebychev3  NLL : -8721.93
1619021800, pt eta : 0.0-30.0 |2.4|, BDT [ -1.00, 0.00 ]
BDT with Chebychev3  NLL : -23141.6
1619021800, pt eta : 0.0-30.0 |2.4|, BDT [ 0.00, 0.20 ]
BDT with Chebychev3  NLL : -101162
1619021800, pt eta : 0.0-30.0 |2.4|, BDT [ -1.00, 0.00 ]
BDT with Chebychev3  NLL : -287348
1618912058, pt eta : 6.0-30.0 |2.4|, BDT [ 0.20, 1.00 ]
BDT with ExpErf NLL : -8385.62
1618912058, pt eta : 6.0-30.0 |2.4|, BDT [ 0.00, 0.20 ]
BDT with ExpErf NLL : -12886.4
1618912058, pt eta : 0.0-6.0 |2.4|, BDT [ 0.20, 1.00 ]
BDT with ExpErf NLL : -84014.5
1618912058, pt eta : 6.0-30.0 |2.4|, BDT [ 0.00, 0.20 ]
BDT with ExpErf NLL : -446779
1618912058, pt eta : 6.0-30.0 |2.4|, BDT [ -1.00, 0.00 ]
BDT with ExpErf NLL : -15058.6
1618912058, pt eta : 6.0-30.0 |2.4|, BDT [ 0.20, 1.00 ]
BDT with ExpErf NLL : -161410
1618912058, pt eta : 0.0-4.0 |2.4|, BDT [ 0.20, 1.00 ]
BDT with ExpErf NLL : -135057
1618912058, pt eta : 0.0-30.0 |2.4|, BDT [ 0.20, 1.00 ]
BDT with ExpErf NLL : -190216
1618912058, pt eta : 0.0-6.0 |2.4|, BDT [ 0.00, 0.20 ]
BDT with ExpErf NLL : -318976
1618912058, pt eta : 0.0-6.0 |2.4|, BDT [ -1.00, 0.00 ]
BDT with ExpErf NLL : -603848
1618912058, pt eta : 6.0-30.0 |2.4|, BDT [ -1.00, 0.00 ]
BDT with ExpErf NLL : -763053
1618912058, pt eta : 0.0-30.0 |2.4|, BDT [ 0.00, 0.20 ]
BDT with ExpErf NLL : -592115
1618912058, pt eta : 0.0-30.0 |2.4|, BDT [ 0.20, 1.00 ]
BDT with ExpErf NLL : -534644
1618912058, pt eta : 0.0-4.0 |2.4|, BDT [ 0.00, 0.20 ]
BDT with ExpErf NLL : -532536
1618912058, pt eta : 0.0-30.0 |2.4|, BDT [ -1.00, 0.00 ]
BDT with ExpErf NLL : -998898
1618912058, pt eta : 0.0-4.0 |2.4|, BDT [ -1.00, 0.00 ]
BDT with ExpErf NLL : -864001
1618912058, pt eta : 9.0-12.0 |2.4|, BDT [ 0.20, 1.00 ]
BDT with ExpErf NLL : -65638.4
1618912058, pt eta : 9.0-12.0 |2.4|, BDT [ -1.00, 0.00 ]
BDT with ExpErf NLL : -132101
1618912058, pt eta : 9.0-12.0 |2.4|, BDT [ 0.00, 0.20 ]
BDT with ExpErf NLL : -142171
1618912058, pt eta : 0.0-30.0 |2.4|, BDT [ 0.00, 0.20 ]
BDT with ExpErf NLL : -1.55004e+06
1618912058, pt eta : 12.0-30.0 |2.4|, BDT [ -1.00, 0.00 ]
BDT with ExpErf NLL : -32247.8
1618912058, pt eta : 12.0-30.0 |2.4|, BDT [ 0.00, 0.20 ]
BDT with ExpErf NLL : -54522.2
1618912058, pt eta : 12.0-30.0 |2.4|, BDT [ 0.20, 1.00 ]
BDT with ExpErf NLL : -52420.5
1618912058, pt eta : 4.0-9.0 |2.4|, BDT [ 0.20, 1.00 ]
BDT with ExpErf NLL : -205797
1618912058, pt eta : 0.0-6.0 |2.4|, BDT [ 0.20, 1.00 ]
BDT with ExpErf NLL : -229822
1618912058, pt eta : 4.0-9.0 |2.4|, BDT [ -1.00, 0.00 ]
BDT with ExpErf NLL : -775829
1618912058, pt eta : 0.0-30.0 |2.4|, BDT [ -1.00, 0.00 ]
BDT with ExpErf NLL : -2.01073e+06
1618912058, pt eta : 4.0-9.0 |2.4|, BDT [ 0.00, 0.20 ]
BDT with ExpErf NLL : -642104
1618912058, pt eta : 0.0-6.0 |2.4|, BDT [ 0.00, 0.20 ]
BDT with ExpErf NLL : -840908
1618912058, pt eta : 0.0-4.0 |2.4|, BDT [ 0.20, 1.00 ]
BDT with Chebychev3  NLL : -135032
1618912058, pt eta : 0.0-6.0 |2.4|, BDT [ -1.00, 0.00 ]
BDT with ExpErf NLL : -1.24495e+06
1618912058, pt eta : 0.0-30.0 |2.4|, BDT [ 0.20, 1.00 ]
BDT with Chebychev3  NLL : -534265
1618912058, pt eta : 0.0-6.0 |2.4|, BDT [ 0.20, 1.00 ]
BDT with Chebychev3  NLL : -119665
1618912058, pt eta : 0.0-4.0 |2.4|, BDT [ 0.00, 0.20 ]
BDT with Chebychev3  NLL : -532595
1618912058, pt eta : 0.0-4.0 |2.4|, BDT [ -1.00, 0.00 ]
BDT with Chebychev3  NLL : -933812
1618912058, pt eta : 6.0-30.0 |2.4|, BDT [ 0.20, 1.00 ]
BDT with Chebychev3  NLL : -263229
1618912058, pt eta : 6.0-30.0 |2.4|, BDT [ 0.00, 0.20 ]
BDT with Chebychev3  NLL : -601641
1618912058, pt eta : 0.0-6.0 |2.4|, BDT [ 0.00, 0.20 ]
BDT with Chebychev3  NLL : -472692
1618912058, pt eta : 6.0-30.0 |2.4|, BDT [ -1.00, 0.00 ]
BDT with Chebychev3  NLL : -708099
1618912058, pt eta : 0.0-6.0 |2.4|, BDT [ -1.00, 0.00 ]
BDT with Chebychev3  NLL : -812765
1618912058, pt eta : 6.0-30.0 |2.4|, BDT [ 0.20, 1.00 ]
BDT with Chebychev3  NLL : -148984
1618912058, pt eta : 0.0-30.0 |2.4|, BDT [ 0.20, 1.00 ]
BDT with Chebychev3  NLL : -292695
1618912058, pt eta : 6.0-30.0 |2.4|, BDT [ -1.00, 0.00 ]
BDT with Chebychev3  NLL : -459060
1618912058, pt eta : 0.0-30.0 |2.4|, BDT [ 0.00, 0.20 ]
BDT with Chebychev3  NLL : -1.5507e+06
1618912058, pt eta : 6.0-30.0 |2.4|, BDT [ 0.00, 0.20 ]
BDT with Chebychev3  NLL : -371630
1618912058, pt eta : 0.0-30.0 |2.4|, BDT [ 0.00, 0.20 ]
BDT with Chebychev3  NLL : -911692
1618912058, pt eta : 0.0-30.0 |2.4|, BDT [ -1.00, 0.00 ]
BDT with Chebychev3  NLL : -1.36561e+06
1618912058, pt eta : 6.0-30.0 |2.4|, BDT [ 0.20, 1.00 ]
BDT with Chebychev3  NLL : -83750.5
1618912058, pt eta : 0.0-6.0 |2.4|, BDT [ 0.20, 1.00 ]
BDT with Chebychev3  NLL : -78166.6
1618912058, pt eta : 6.0-30.0 |2.4|, BDT [ -1.00, 0.00 ]
BDT with Chebychev3  NLL : -192426
1618912058, pt eta : 6.0-30.0 |2.4|, BDT [ 0.00, 0.20 ]
BDT with Chebychev3  NLL : -177367
1618912058, pt eta : 0.0-6.0 |2.4|, BDT [ 0.00, 0.20 ]
BDT with Chebychev3  NLL : -269972
1618912058, pt eta : 0.0-6.0 |2.4|, BDT [ 0.20, 1.00 ]
BDT with Chebychev3  NLL : -10600
1618912058, pt eta : 0.0-6.0 |2.4|, BDT [ -1.00, 0.00 ]
BDT with Chebychev3  NLL : -407369
1618912058, pt eta : 0.0-6.0 |2.4|, BDT [ 0.00, 0.20 ]
BDT with Chebychev3  NLL : -32996.2
1618912058, pt eta : 0.0-6.0 |2.4|, BDT [ -1.00, 0.00 ]
BDT with Chebychev3  NLL : -37948.7
1618912058, pt eta : 6.0-30.0 |2.4|, BDT [ 0.20, 1.00 ]
BDT with Chebychev3  NLL : -8065.35
1618912058, pt eta : 6.0-30.0 |2.4|, BDT [ 0.00, 0.20 ]
BDT with Chebychev3  NLL : -10373.2
1618912058, pt eta : 6.0-30.0 |2.4|, BDT [ -1.00, 0.00 ]
BDT with Chebychev3  NLL : -9139.18
1618912058, pt eta : 0.0-30.0 |2.4|, BDT [ 0.20, 1.00 ]
BDT with Chebychev3  NLL : -20956.7
1618912058, pt eta : 0.0-30.0 |2.4|, BDT [ -1.00, 0.00 ]
BDT with Chebychev3  NLL : -51193.4
1618912058, pt eta : 0.0-30.0 |2.4|, BDT [ 0.20, 1.00 ]
BDT with Chebychev3  NLL : -177288
1618912058, pt eta : 0.0-30.0 |2.4|, BDT [ 0.00, 0.20 ]
BDT with Chebychev3  NLL : -47494.3
1618912058, pt eta : 0.0-30.0 |2.4|, BDT [ 0.00, 0.20 ]
BDT with Chebychev3  NLL : -484682
1618912058, pt eta : 0.0-6.0 |2.4|, BDT [ 0.20, 1.00 ]
BDT with Chebychev3  NLL : -119665
1618912058, pt eta : 6.0-30.0 |2.4|, BDT [ 0.20, 1.00 ]
BDT with Chebychev3  NLL : -263229
1618912058, pt eta : 6.0-30.0 |2.4|, BDT [ 0.00, 0.20 ]
BDT with Chebychev3  NLL : -601641
1618912058, pt eta : 0.0-6.0 |2.4|, BDT [ -1.00, 0.00 ]
BDT with Chebychev3  NLL : -812765
1618912058, pt eta : 0.0-30.0 |2.4|, BDT [ -1.00, 0.00 ]
BDT with Chebychev3  NLL : -646015
1618912058, pt eta : 6.0-30.0 |2.4|, BDT [ -1.00, 0.00 ]
BDT with Chebychev3  NLL : -708099
1618912058, pt eta : 6.0-30.0 |2.4|, BDT [ 0.20, 1.00 ]
BDT with Chebychev3  NLL : -8065.35
1618912058, pt eta : 6.0-30.0 |2.4|, BDT [ 0.00, 0.20 ]
BDT with Chebychev3  NLL : -10373.2
1618912058, pt eta : 6.0-30.0 |2.4|, BDT [ -1.00, 0.00 ]
BDT with Chebychev3  NLL : -9139.18
1618912058, pt eta : 6.0-30.0 |2.4|, BDT [ 0.20, 1.00 ]
BDT with ExpErf NLL : -8070.27
1618912058, pt eta : 6.0-30.0 |2.4|, BDT [ -1.00, 0.00 ]
BDT with ExpErf NLL : -8012.9
1618912058, pt eta : 6.0-30.0 |2.4|, BDT [ 0.00, 0.20 ]
BDT with ExpErf NLL : -10359.5
1618912058, pt eta : 6.0-30.0 |2.4|, BDT [ 0.20, 1.00 ]
BDT with Chebychev3  NLL : -8065.35
1618912058, pt eta : 6.0-30.0 |2.4|, BDT [ 0.00, 0.20 ]
BDT with Chebychev3  NLL : -10373.2
1618912058, pt eta : 6.0-30.0 |2.4|, BDT [ -1.00, 0.00 ]
BDT with Chebychev3  NLL : -9139.18
1618912058, pt eta : 6.0-30.0 |2.4|, BDT [ 0.20, 1.00 ]
BDT with Chebychev3  NLL : -8065.35
1618912058, pt eta : 6.0-30.0 |2.4|, BDT [ 0.00, 0.20 ]
BDT with Chebychev3  NLL : -10373.2
1618912058, pt eta : 6.0-30.0 |2.4|, BDT [ -1.00, 0.00 ]
BDT with Chebychev3  NLL : -9139.18
1618912058, pt eta : 9.0-12.0 |2.4|, BDT [ 0.20, 1.00 ]
BDT with Chebychev3  NLL : -65555.2
1618912058, pt eta : 4.0-9.0 |2.4|, BDT [ 0.20, 1.00 ]
BDT with Chebychev3  NLL : -205500
1618912058, pt eta : 9.0-12.0 |2.4|, BDT [ 0.00, 0.20 ]
BDT with Chebychev3  NLL : -142248
1618912058, pt eta : 9.0-12.0 |2.4|, BDT [ -1.00, 0.00 ]
BDT with Chebychev3  NLL : -148933
1618912058, pt eta : 12.0-30.0 |2.4|, BDT [ -1.00, 0.00 ]
BDT with Chebychev3  NLL : -37756.1
1618912058, pt eta : 12.0-30.0 |2.4|, BDT [ 0.20, 1.00 ]
BDT with Chebychev3  NLL : -52391.8
1618912058, pt eta : 12.0-30.0 |2.4|, BDT [ 0.00, 0.20 ]
BDT with Chebychev3  NLL : -54641.9
1618912058, pt eta : 0.0-6.0 |2.4|, BDT [ 0.20, 1.00 ]
BDT with Chebychev3  NLL : -229746
1618912058, pt eta : 4.0-9.0 |2.4|, BDT [ 0.00, 0.20 ]
BDT with Chebychev3  NLL : -642350
1618912058, pt eta : 4.0-9.0 |2.4|, BDT [ -1.00, 0.00 ]
BDT with Chebychev3  NLL : -856071
1618912058, pt eta : 0.0-6.0 |2.4|, BDT [ 0.00, 0.20 ]
BDT with Chebychev3  NLL : -841039
1618912058, pt eta : 0.0-6.0 |2.4|, BDT [ -1.00, 0.00 ]
BDT with Chebychev3  NLL : -1.35184e+06
1618912058, pt eta : 0.0-6.0 |2.4|, BDT [ 0.20, 1.00 ]
BDT with Chebychev3  NLL : -119665
1618912058, pt eta : 6.0-30.0 |2.4|, BDT [ 0.20, 1.00 ]
BDT with Chebychev3  NLL : -263229
1618913300, pt eta : 9.0-12.0 |2.4|, BDT [ 0.20, 1.00 ]
BDT with Chebychev3  NLL : -50853.1
1618912058, pt eta : 6.0-30.0 |2.4|, BDT [ 0.00, 0.20 ]
BDT with Chebychev3  NLL : -601641
1618913300, pt eta : 0.0-4.0 |2.4|, BDT [ 0.20, 1.00 ]
BDT with Chebychev3  NLL : -88023.9
1618912058, pt eta : 0.0-6.0 |2.4|, BDT [ 0.00, 0.20 ]
BDT with Chebychev3  NLL : -472692
1618913300, pt eta : 9.0-12.0 |2.4|, BDT [ 0.00, 0.20 ]
BDT with Chebychev3  NLL : -130848
1618913300, pt eta : 4.0-9.0 |2.4|, BDT [ 0.20, 1.00 ]
BDT with Chebychev3  NLL : -156409
1618912058, pt eta : 6.0-30.0 |2.4|, BDT [ -1.00, 0.00 ]
BDT with Chebychev3  NLL : -708099
1618912058, pt eta : 0.0-6.0 |2.4|, BDT [ -1.00, 0.00 ]
BDT with Chebychev3  NLL : -812765
1618913300, pt eta : 9.0-12.0 |2.4|, BDT [ -1.00, 0.00 ]
BDT with Chebychev3  NLL : -405127
1618913300, pt eta : 12.0-30.0 |2.4|, BDT [ 0.00, 0.20 ]
BDT with Chebychev3  NLL : -51516
1618913300, pt eta : 12.0-30.0 |2.4|, BDT [ 0.20, 1.00 ]
BDT with Chebychev3  NLL : -47146.4
1618912058, pt eta : 6.0-30.0 |2.4|, BDT [ 0.20, 1.00 ]
BDT with Chebychev3  NLL : -148984
1618913300, pt eta : 12.0-30.0 |2.4|, BDT [ -1.00, 0.00 ]
BDT with Chebychev3  NLL : -128809
1618913300, pt eta : 4.0-9.0 |2.4|, BDT [ 0.00, 0.20 ]
BDT with Chebychev3  NLL : -605241
1618913300, pt eta : 0.0-30.0 |2.4|, BDT [ 0.20, 1.00 ]
BDT with Chebychev3  NLL : -402128
1618913300, pt eta : 0.0-6.0 |2.4|, BDT [ 0.20, 1.00 ]
BDT with Chebychev3  NLL : -159234
1618913300, pt eta : 0.0-4.0 |2.4|, BDT [ 0.00, 0.20 ]
BDT with Chebychev3  NLL : -457621
1618912058, pt eta : 0.0-30.0 |2.4|, BDT [ 0.20, 1.00 ]
BDT with Chebychev3  NLL : -292695
1618912058, pt eta : 6.0-30.0 |2.4|, BDT [ -1.00, 0.00 ]
BDT with Chebychev3  NLL : -459060
1618912058, pt eta : 6.0-30.0 |2.4|, BDT [ 0.00, 0.20 ]
BDT with Chebychev3  NLL : -371630
1618913300, pt eta : 0.0-6.0 |2.4|, BDT [ 0.00, 0.20 ]
BDT with Chebychev3  NLL : -744117
1618913300, pt eta : 0.0-6.0 |2.4|, BDT [ -1.00, 0.00 ]
BDT with Chebychev3  NLL : -2.74816e+06
1618913300, pt eta : 0.0-6.0 |2.4|, BDT [ 0.20, 1.00 ]
BDT with Chebychev3  NLL : -84741.6
1618912058, pt eta : 0.0-30.0 |2.4|, BDT [ 0.00, 0.20 ]
BDT with Chebychev3  NLL : -911692
1618913300, pt eta : 6.0-30.0 |2.4|, BDT [ 0.20, 1.00 ]
BDT with Chebychev3  NLL : -211093
1618913300, pt eta : 0.0-4.0 |2.4|, BDT [ -1.00, 0.00 ]
BDT with Chebychev3  NLL : -1.92927e+06
1618912058, pt eta : 0.0-30.0 |2.4|, BDT [ -1.00, 0.00 ]
BDT with Chebychev3  NLL : -1.36561e+06
1618913300, pt eta : 0.0-6.0 |2.4|, BDT [ 0.00, 0.20 ]
BDT with Chebychev3  NLL : -419673
1618912058, pt eta : 6.0-30.0 |2.4|, BDT [ 0.20, 1.00 ]
BDT with Chebychev3  NLL : -83750.5
1618912058, pt eta : 0.0-6.0 |2.4|, BDT [ 0.20, 1.00 ]
BDT with Chebychev3  NLL : -78166.6
1618913300, pt eta : 4.0-9.0 |2.4|, BDT [ -1.00, 0.00 ]
BDT with Chebychev3  NLL : -1.99122e+06
1618912058, pt eta : 6.0-30.0 |2.4|, BDT [ -1.00, 0.00 ]
BDT with Chebychev3  NLL : -192426
1618912058, pt eta : 6.0-30.0 |2.4|, BDT [ 0.00, 0.20 ]
BDT with Chebychev3  NLL : -177367
1618912058, pt eta : 0.0-6.0 |2.4|, BDT [ 0.00, 0.20 ]
BDT with Chebychev3  NLL : -269972
1618912058, pt eta : 0.0-6.0 |2.4|, BDT [ 0.20, 1.00 ]
BDT with Chebychev3  NLL : -10600
1618912058, pt eta : 0.0-6.0 |2.4|, BDT [ -1.00, 0.00 ]
BDT with Chebychev3  NLL : -407369
1618912058, pt eta : 0.0-6.0 |2.4|, BDT [ 0.00, 0.20 ]
BDT with Chebychev3  NLL : -32996.2
1618912058, pt eta : 0.0-6.0 |2.4|, BDT [ -1.00, 0.00 ]
BDT with Chebychev3  NLL : -37948.7
1618913300, pt eta : 0.0-30.0 |2.4|, BDT [ 0.00, 0.20 ]
BDT with Chebychev3  NLL : -1.40971e+06
1618912058, pt eta : 6.0-30.0 |2.4|, BDT [ 0.20, 1.00 ]
BDT with Chebychev3  NLL : -8065.35
1618912058, pt eta : 6.0-30.0 |2.4|, BDT [ 0.00, 0.20 ]
BDT with Chebychev3  NLL : -10373.2
1618912058, pt eta : 6.0-30.0 |2.4|, BDT [ -1.00, 0.00 ]
BDT with Chebychev3  NLL : -9139.18
1618912058, pt eta : 0.0-30.0 |2.4|, BDT [ 0.20, 1.00 ]
BDT with Chebychev3  NLL : -20956.7
1618913300, pt eta : 6.0-30.0 |2.4|, BDT [ 0.00, 0.20 ]
BDT with Chebychev3  NLL : -565952
1618912058, pt eta : 0.0-30.0 |2.4|, BDT [ -1.00, 0.00 ]
BDT with Chebychev3  NLL : -51193.4
1618912058, pt eta : 0.0-30.0 |2.4|, BDT [ 0.20, 1.00 ]
BDT with Chebychev3  NLL : -177288
1618912058, pt eta : 0.0-30.0 |2.4|, BDT [ 0.00, 0.20 ]
BDT with Chebychev3  NLL : -47494.3
1618912058, pt eta : 0.0-30.0 |2.4|, BDT [ 0.00, 0.20 ]
BDT with Chebychev3  NLL : -484682
1618913300, pt eta : 6.0-30.0 |2.4|, BDT [ -1.00, 0.00 ]
BDT with Chebychev3  NLL : -1.76552e+06
1618912058, pt eta : 0.0-30.0 |2.4|, BDT [ -1.00, 0.00 ]
BDT with Chebychev3  NLL : -646015
1618913300, pt eta : 0.0-6.0 |2.4|, BDT [ -1.00, 0.00 ]
BDT with Chebychev3  NLL : -1.72566e+06
1618913300, pt eta : 0.0-30.0 |2.4|, BDT [ 0.20, 1.00 ]
BDT with Chebychev3  NLL : -218004
1618913300, pt eta : 6.0-30.0 |2.4|, BDT [ 0.20, 1.00 ]
BDT with Chebychev3  NLL : -118270
1618913300, pt eta : 6.0-30.0 |2.4|, BDT [ 0.00, 0.20 ]
BDT with Chebychev3  NLL : -347691
1618913300, pt eta : 6.0-30.0 |2.4|, BDT [ -1.00, 0.00 ]
BDT with Chebychev3  NLL : -1.14604e+06
1618913300, pt eta : 0.0-30.0 |2.4|, BDT [ 0.00, 0.20 ]
BDT with Chebychev3  NLL : -829483
1618913300, pt eta : 0.0-30.0 |2.4|, BDT [ -1.00, 0.00 ]
BDT with Chebychev3  NLL : -3.07224e+06
1618913300, pt eta : 0.0-30.0 |2.4|, BDT [ -1.00, 0.00 ]
BDT with Chebychev3  NLL : -4.95124e+06
1618913300, pt eta : 0.0-6.0 |2.4|, BDT [ 0.20, 1.00 ]
BDT with Chebychev3  NLL : -52717.6
1618913300, pt eta : 6.0-30.0 |2.4|, BDT [ 0.20, 1.00 ]
BDT with Chebychev3  NLL : -67435.2
1618913300, pt eta : 6.0-30.0 |2.4|, BDT [ 0.00, 0.20 ]
BDT with Chebychev3  NLL : -167197
1618913300, pt eta : 0.0-6.0 |2.4|, BDT [ 0.00, 0.20 ]
BDT with Chebychev3  NLL : -237136
1618913300, pt eta : 6.0-30.0 |2.4|, BDT [ -1.00, 0.00 ]
BDT with Chebychev3  NLL : -486916
1618913300, pt eta : 0.0-6.0 |2.4|, BDT [ 0.20, 1.00 ]
BDT with Chebychev3  NLL : -6531.41
1618913300, pt eta : 0.0-6.0 |2.4|, BDT [ 0.00, 0.20 ]
BDT with Chebychev3  NLL : -29079.4
1618913300, pt eta : 0.0-6.0 |2.4|, BDT [ -1.00, 0.00 ]
BDT with Chebychev3  NLL : -81578.1
1618913300, pt eta : 0.0-30.0 |2.4|, BDT [ 0.20, 1.00 ]
BDT with Chebychev3  NLL : -131915
1618913300, pt eta : 0.0-6.0 |2.4|, BDT [ -1.00, 0.00 ]
BDT with Chebychev3  NLL : -887308
1618913300, pt eta : 6.0-30.0 |2.4|, BDT [ 0.20, 1.00 ]
BDT with Chebychev3  NLL : -6712.17
1618913300, pt eta : 0.0-30.0 |2.4|, BDT [ 0.20, 1.00 ]
BDT with Chebychev3  NLL : -14970.7
1618913300, pt eta : 6.0-30.0 |2.4|, BDT [ 0.00, 0.20 ]
BDT with Chebychev3  NLL : -10494.2
1618913300, pt eta : 6.0-30.0 |2.4|, BDT [ -1.00, 0.00 ]
BDT with Chebychev3  NLL : -25579.8
1618913300, pt eta : 0.0-30.0 |2.4|, BDT [ 0.00, 0.20 ]
BDT with Chebychev3  NLL : -43525.7
1618913300, pt eta : 0.0-30.0 |2.4|, BDT [ -1.00, 0.00 ]
BDT with Chebychev3  NLL : -116235
1618913300, pt eta : 0.0-30.0 |2.4|, BDT [ 0.00, 0.20 ]
BDT with Chebychev3  NLL : -438878
1618913300, pt eta : 0.0-30.0 |2.4|, BDT [ -1.00, 0.00 ]
BDT with Chebychev3  NLL : -1.47423e+06
1620628282, pt eta : 0.0-4.0 |2.4|, BDT [ 0.20, 1.00 ]
BDT with Chebychev3  NLL : -20111.7
1620628282, pt eta : 0.0-4.0 |2.4|, BDT [ 0.10, 0.20 ]
BDT with Chebychev3  NLL : -28638.4
1620628282, pt eta : 0.0-4.0 |2.4|, BDT [ 0.00, 0.10 ]
BDT with Chebychev3  NLL : -41730.8
1620628282, pt eta : 0.0-4.0 |2.4|, BDT [ -0.20, 0.00 ]
BDT with Chebychev3  NLL : -108078
1620628282, pt eta : 0.0-4.0 |2.4|, BDT [ -1.00, -0.20 ]
BDT with Chebychev3  NLL : -237294
1620630542, pt eta : 0.0-4.0 |2.4|, BDT [ 0.20, 1.00 ]
BDT with Chebychev3  NLL : -23251.2
1620630542, pt eta : 0.0-4.0 |2.4|, BDT [ 0.10, 0.20 ]
BDT with Chebychev3  NLL : -34251.9
1620630542, pt eta : 0.0-4.0 |2.4|, BDT [ 0.00, 0.10 ]
BDT with Chebychev3  NLL : -48375.6
1620630542, pt eta : 0.0-4.0 |2.4|, BDT [ -0.20, 0.00 ]
BDT with Chebychev3  NLL : -112435
1620630542, pt eta : 0.0-4.0 |2.4|, BDT [ -1.00, -0.20 ]
BDT with Chebychev3  NLL : -269566
1620631235, pt eta : 0.0-4.0 |2.4|, BDT [ 0.10, 0.20 ]
BDT with Chebychev3  NLL : -35782.3
1620631235, pt eta : 0.0-4.0 |2.4|, BDT [ 0.20, 1.00 ]
BDT with Chebychev3  NLL : -35587.3
1620631235, pt eta : 0.0-4.0 |2.4|, BDT [ 0.00, 0.10 ]
BDT with Chebychev3  NLL : -53129.4
1620631235, pt eta : 0.0-4.0 |2.4|, BDT [ -0.20, 0.00 ]
BDT with Chebychev3  NLL : -127028
1620631235, pt eta : 0.0-4.0 |2.4|, BDT [ -1.00, -0.20 ]
BDT with Chebychev3  NLL : -231037
1621564724, pt eta : 12.0-30.0 |2.4|, BDT [ 0.20, 1.00 ]
BDT with Chebychev3  NLL : -14164.4
1621564724, pt eta : 12.0-30.0 |2.4|, BDT [ 0.00, 0.20 ]
BDT with Chebychev3  NLL : -9674.88
1621564724, pt eta : 12.0-30.0 |2.4|, BDT [ -1.00, 0.00 ]
BDT with Chebychev3  NLL : -22480
1621564724, pt eta : 0.0-6.0 |2.4|, BDT [ 0.20, 1.00 ]
BDT with Chebychev3  NLL : -72154.7
1621564724, pt eta : 0.0-6.0 |2.4|, BDT [ 0.00, 0.20 ]
BDT with Chebychev3  NLL : -174837
1621564724, pt eta : 0.0-6.0 |2.4|, BDT [ -1.00, 0.00 ]
BDT with Chebychev3  NLL : -549668
1621564724, pt eta : 0.0-6.0 |2.4|, BDT [ 0.20, 1.00 ]
BDT with Chebychev3  NLL : -42234.9
1621564724, pt eta : 0.0-6.0 |2.4|, BDT [ 0.00, 0.20 ]
BDT with Chebychev3  NLL : -101071
1621564724, pt eta : 6.0-30.0 |2.4|, BDT [ 0.20, 1.00 ]
BDT with Chebychev3  NLL : -101752
1621564724, pt eta : 6.0-30.0 |2.4|, BDT [ 0.00, 0.20 ]
BDT with Chebychev3  NLL : -132651
1621564724, pt eta : 6.0-30.0 |2.4|, BDT [ -1.00, 0.00 ]
BDT with Chebychev3  NLL : -298144
1621564724, pt eta : 0.0-6.0 |2.4|, BDT [ -1.00, 0.00 ]
BDT with Chebychev3  NLL : -321499
1621564724, pt eta : 6.0-30.0 |2.4|, BDT [ 0.20, 1.00 ]
BDT with Chebychev3  NLL : -60909.2
1621564724, pt eta : 6.0-30.0 |2.4|, BDT [ 0.00, 0.20 ]
BDT with Chebychev3  NLL : -82784.1
1621564724, pt eta : 0.0-30.0 |2.4|, BDT [ 0.20, 1.00 ]
BDT with Chebychev3  NLL : -113496
1621564724, pt eta : 6.0-30.0 |2.4|, BDT [ -1.00, 0.00 ]
BDT with Chebychev3  NLL : -191506
1621564724, pt eta : 0.0-30.0 |2.4|, BDT [ 0.00, 0.20 ]
BDT with Chebychev3  NLL : -201371
1621564724, pt eta : 0.0-30.0 |2.4|, BDT [ -1.00, 0.00 ]
BDT with Chebychev3  NLL : -554911
1621564724, pt eta : 0.0-6.0 |2.4|, BDT [ 0.20, 1.00 ]
BDT with Chebychev3  NLL : -20822.3
1621564724, pt eta : 6.0-30.0 |2.4|, BDT [ 0.20, 1.00 ]
BDT with Chebychev3  NLL : -29305.3
1621564724, pt eta : 6.0-30.0 |2.4|, BDT [ 0.00, 0.20 ]
BDT with Chebychev3  NLL : -36523.3
1621564724, pt eta : 6.0-30.0 |2.4|, BDT [ -1.00, 0.00 ]
BDT with Chebychev3  NLL : -80273.7
1621564724, pt eta : 0.0-6.0 |2.4|, BDT [ 0.00, 0.20 ]
BDT with Chebychev3  NLL : -53217.8
1621564724, pt eta : 0.0-6.0 |2.4|, BDT [ 0.20, 1.00 ]
BDT with Chebychev3  NLL : -1894.22
1621564724, pt eta : 0.0-6.0 |2.4|, BDT [ 0.00, 0.20 ]
BDT with Chebychev3  NLL : -4736.1
1621564724, pt eta : 0.0-6.0 |2.4|, BDT [ -1.00, 0.00 ]
BDT with Chebychev3  NLL : -16587.3
1621564724, pt eta : 0.0-6.0 |2.4|, BDT [ -1.00, 0.00 ]
BDT with Chebychev3  NLL : -168013
1621564724, pt eta : 0.0-30.0 |2.4|, BDT [ 0.20, 1.00 ]
BDT with Chebychev3  NLL : -55665.2
1621564724, pt eta : 6.0-30.0 |2.4|, BDT [ 0.20, 1.00 ]
BDT with Chebychev3  NLL : -2125.15
1621564724, pt eta : 6.0-30.0 |2.4|, BDT [ 0.00, 0.20 ]
BDT with Chebychev3  NLL : -1963.73
1621564724, pt eta : 0.0-30.0 |2.4|, BDT [ 0.20, 1.00 ]
BDT with Chebychev3  NLL : -4673.5
1621564724, pt eta : 6.0-30.0 |2.4|, BDT [ -1.00, 0.00 ]
BDT with Chebychev3  NLL : -4061.93
1621564724, pt eta : 0.0-30.0 |2.4|, BDT [ 0.00, 0.20 ]
BDT with Chebychev3  NLL : -7621.06
1621564724, pt eta : 0.0-30.0 |2.4|, BDT [ 0.00, 0.20 ]
BDT with Chebychev3  NLL : -98933
1621564724, pt eta : 0.0-30.0 |2.4|, BDT [ -1.00, 0.00 ]
BDT with Chebychev3  NLL : -22685.9
1621564724, pt eta : 0.0-30.0 |2.4|, BDT [ -1.00, 0.00 ]
BDT with Chebychev3  NLL : -269424
1621564724, pt eta : 0.0-4.0 |2.4|, BDT [ 0.20, 1.00 ]
BDT with Chebychev3  NLL : -34182.6
1621564724, pt eta : 4.0-9.0 |2.4|, BDT [ 0.20, 1.00 ]
BDT with Chebychev3  NLL : -90357.9
1621564724, pt eta : 0.0-4.0 |2.4|, BDT [ 0.00, 0.20 ]
BDT with Chebychev3  NLL : -99624.5
1621564724, pt eta : 4.0-9.0 |2.4|, BDT [ 0.00, 0.20 ]
BDT with Chebychev3  NLL : -154118
1621564724, pt eta : 0.0-30.0 |2.4|, BDT [ 0.20, 1.00 ]
BDT with Chebychev3  NLL : -190260
1621564724, pt eta : 4.0-9.0 |2.4|, BDT [ -1.00, 0.00 ]
BDT with Chebychev3  NLL : -326595
1621564724, pt eta : 0.0-4.0 |2.4|, BDT [ -1.00, 0.00 ]
BDT with Chebychev3  NLL : -388095
1621564724, pt eta : 0.0-30.0 |2.4|, BDT [ 0.00, 0.20 ]
BDT with Chebychev3  NLL : -334861
1621564724, pt eta : 0.0-30.0 |2.4|, BDT [ -1.00, 0.00 ]
BDT with Chebychev3  NLL : -912340
1621568219, pt eta : 9.0-12.0 |2.4|, BDT [ 0.20, 1.00 ]
BDT with Chebychev3  NLL : -18382.1
1621568219, pt eta : 0.0-4.0 |2.4|, BDT [ 0.20, 1.00 ]
BDT with Chebychev3  NLL : -18298.8
1621568219, pt eta : 9.0-12.0 |2.4|, BDT [ 0.00, 0.20 ]
BDT with Chebychev3  NLL : -28614.8
1621568219, pt eta : 4.0-9.0 |2.4|, BDT [ 0.20, 1.00 ]
BDT with Chebychev3  NLL : -58599.5
1621568219, pt eta : 9.0-12.0 |2.4|, BDT [ -1.00, 0.00 ]
BDT with Chebychev3  NLL : -73149.7
1621568219, pt eta : 0.0-30.0 |2.4|, BDT [ 0.00, 0.20 ]
BDT with Chebychev3  NLL : -291878
1621568219, pt eta : 0.0-4.0 |2.4|, BDT [ 0.00, 0.20 ]
BDT with Chebychev3  NLL : -82241.2
1621568219, pt eta : 12.0-30.0 |2.4|, BDT [ 0.20, 1.00 ]
BDT with Chebychev3  NLL : -12851.4
1621568219, pt eta : 12.0-30.0 |2.4|, BDT [ 0.00, 0.20 ]
BDT with Chebychev3  NLL : -9904.33
1621568219, pt eta : 0.0-30.0 |2.4|, BDT [ 0.20, 1.00 ]
BDT with Chebychev3  NLL : -129045
1621568219, pt eta : 12.0-30.0 |2.4|, BDT [ -1.00, 0.00 ]
BDT with Chebychev3  NLL : -23634.1
1621568219, pt eta : 4.0-9.0 |2.4|, BDT [ 0.00, 0.20 ]
BDT with Chebychev3  NLL : -139056
1621568219, pt eta : 0.0-6.0 |2.4|, BDT [ 0.20, 1.00 ]
BDT with Chebychev3  NLL : -41161.5
1621568219, pt eta : 0.0-6.0 |2.4|, BDT [ 0.00, 0.20 ]
BDT with Chebychev3  NLL : -145554
1621568219, pt eta : 4.0-9.0 |2.4|, BDT [ -1.00, 0.00 ]
BDT with Chebychev3  NLL : -379483
1621568219, pt eta : 0.0-4.0 |2.4|, BDT [ -1.00, 0.00 ]
BDT with Chebychev3  NLL : -429365
1621568219, pt eta : 0.0-30.0 |2.4|, BDT [ -1.00, 0.00 ]
BDT with Chebychev3  NLL : -1.02189e+06
1621568219, pt eta : 0.0-6.0 |2.4|, BDT [ -1.00, 0.00 ]
BDT with Chebychev3  NLL : -621616
1621568219, pt eta : 0.0-6.0 |2.4|, BDT [ 0.20, 1.00 ]
BDT with Chebychev3  NLL : -22875.2
1621568219, pt eta : 0.0-6.0 |2.4|, BDT [ 0.00, 0.20 ]
BDT with Chebychev3  NLL : -84102
1621568219, pt eta : 6.0-30.0 |2.4|, BDT [ 0.20, 1.00 ]
BDT with Chebychev3  NLL : -76726.2
1621568219, pt eta : 6.0-30.0 |2.4|, BDT [ 0.00, 0.20 ]
BDT with Chebychev3  NLL : -129886
1621568219, pt eta : 6.0-30.0 |2.4|, BDT [ -1.00, 0.00 ]
BDT with Chebychev3  NLL : -329008
1621568219, pt eta : 0.0-6.0 |2.4|, BDT [ -1.00, 0.00 ]
BDT with Chebychev3  NLL : -365420
1621568219, pt eta : 6.0-30.0 |2.4|, BDT [ 0.20, 1.00 ]
BDT with Chebychev3  NLL : -43872.5
1621568219, pt eta : 0.0-30.0 |2.4|, BDT [ 0.20, 1.00 ]
BDT with Chebychev3  NLL : -74152.6
1621568219, pt eta : 6.0-30.0 |2.4|, BDT [ 0.00, 0.20 ]
BDT with Chebychev3  NLL : -80366.4
1621568219, pt eta : 0.0-30.0 |2.4|, BDT [ 0.00, 0.20 ]
BDT with Chebychev3  NLL : -180391
1621568219, pt eta : 6.0-30.0 |2.4|, BDT [ -1.00, 0.00 ]
BDT with Chebychev3  NLL : -212717
1621568219, pt eta : 0.0-30.0 |2.4|, BDT [ -1.00, 0.00 ]
BDT with Chebychev3  NLL : -624631
1621568219, pt eta : 0.0-6.0 |2.4|, BDT [ 0.20, 1.00 ]
BDT with Chebychev3  NLL : -12578.7
1621568219, pt eta : 6.0-30.0 |2.4|, BDT [ 0.20, 1.00 ]
BDT with Chebychev3  NLL : -22758
1621568219, pt eta : 6.0-30.0 |2.4|, BDT [ 0.00, 0.20 ]
BDT with Chebychev3  NLL : -36474.6
1621568219, pt eta : 6.0-30.0 |2.4|, BDT [ -1.00, 0.00 ]
BDT with Chebychev3  NLL : -87641.5
1621568219, pt eta : 0.0-6.0 |2.4|, BDT [ 0.00, 0.20 ]
BDT with Chebychev3  NLL : -43346.2
1621568219, pt eta : 0.0-6.0 |2.4|, BDT [ 0.20, 1.00 ]
BDT with Chebychev3  NLL : -1172.89
1621568219, pt eta : 0.0-6.0 |2.4|, BDT [ 0.00, 0.20 ]
BDT with Chebychev3  NLL : -4497.17
1621568219, pt eta : 0.0-6.0 |2.4|, BDT [ -1.00, 0.00 ]
BDT with Chebychev3  NLL : -17916
1621568219, pt eta : 0.0-30.0 |2.4|, BDT [ 0.20, 1.00 ]
BDT with Chebychev3  NLL : -39290.3
1621568219, pt eta : 6.0-30.0 |2.4|, BDT [ 0.20, 1.00 ]
BDT with Chebychev3  NLL : -1871.49
1621568219, pt eta : 0.0-30.0 |2.4|, BDT [ 0.20, 1.00 ]
BDT with Chebychev3  NLL : -3551.87
1621568219, pt eta : 6.0-30.0 |2.4|, BDT [ 0.00, 0.20 ]
BDT with Chebychev3  NLL : -1911.48
1621568219, pt eta : 6.0-30.0 |2.4|, BDT [ -1.00, 0.00 ]
BDT with Chebychev3  NLL : -4396.49
1621568219, pt eta : 0.0-30.0 |2.4|, BDT [ 0.00, 0.20 ]
BDT with Chebychev3  NLL : -7306.1
1621568219, pt eta : 0.0-30.0 |2.4|, BDT [ 0.00, 0.20 ]
BDT with Chebychev3  NLL : -88246.5
1621568219, pt eta : 0.0-30.0 |2.4|, BDT [ -1.00, 0.00 ]
BDT with Chebychev3  NLL : -24495.4
1621568219, pt eta : 0.0-6.0 |2.4|, BDT [ -1.00, 0.00 ]
BDT with Chebychev3  NLL : -190007
1621568219, pt eta : 0.0-30.0 |2.4|, BDT [ -1.00, 0.00 ]
BDT with Chebychev3  NLL : -300830
1621570122, pt eta : 0.0-4.0 |2.4|, BDT [ 0.20, 1.00 ]
BDT with Chebychev3  NLL : -19710.9
1621570122, pt eta : 9.0-12.0 |2.4|, BDT [ 0.20, 1.00 ]
BDT with Chebychev3  NLL : -21348.1
1621570122, pt eta : 9.0-12.0 |2.4|, BDT [ 0.00, 0.20 ]
BDT with Chebychev3  NLL : -26669.9
1621570122, pt eta : 0.0-4.0 |2.4|, BDT [ 0.00, 0.20 ]
BDT with Chebychev3  NLL : -83426.6
1621570122, pt eta : 9.0-12.0 |2.4|, BDT [ -1.00, 0.00 ]
BDT with Chebychev3  NLL : -71792
1621570122, pt eta : 4.0-9.0 |2.4|, BDT [ 0.20, 1.00 ]
BDT with Chebychev3  NLL : -66952.7
1621570122, pt eta : 0.0-30.0 |2.4|, BDT [ 0.20, 1.00 ]
BDT with Chebychev3  NLL : -145755
1621570122, pt eta : 4.0-9.0 |2.4|, BDT [ 0.00, 0.20 ]
BDT with Chebychev3  NLL : -132713
1621570122, pt eta : 12.0-30.0 |2.4|, BDT [ 0.00, 0.20 ]
BDT with Chebychev3  NLL : -8761.65
1621570122, pt eta : 12.0-30.0 |2.4|, BDT [ 0.20, 1.00 ]
BDT with Chebychev3  NLL : -14516.2
1621570122, pt eta : 12.0-30.0 |2.4|, BDT [ -1.00, 0.00 ]
BDT with Chebychev3  NLL : -23110.2
1621570122, pt eta : 0.0-6.0 |2.4|, BDT [ 0.20, 1.00 ]
BDT with Chebychev3  NLL : -45001.1
1621570122, pt eta : 0.0-6.0 |2.4|, BDT [ 0.00, 0.20 ]
BDT with Chebychev3  NLL : -145439
1621570122, pt eta : 0.0-30.0 |2.4|, BDT [ 0.00, 0.20 ]
BDT with Chebychev3  NLL : -290749
1621570122, pt eta : 0.0-4.0 |2.4|, BDT [ -1.00, 0.00 ]
BDT with Chebychev3  NLL : -425917
1621570122, pt eta : 4.0-9.0 |2.4|, BDT [ -1.00, 0.00 ]
BDT with Chebychev3  NLL : -376273
1621570122, pt eta : 0.0-6.0 |2.4|, BDT [ -1.00, 0.00 ]
BDT with Chebychev3  NLL : -616586
1621570122, pt eta : 0.0-6.0 |2.4|, BDT [ 0.20, 1.00 ]
BDT with Chebychev3  NLL : -25065.1
1621570122, pt eta : 6.0-30.0 |2.4|, BDT [ 0.00, 0.20 ]
BDT with Chebychev3  NLL : -121088
1621570122, pt eta : 0.0-6.0 |2.4|, BDT [ 0.00, 0.20 ]
BDT with Chebychev3  NLL : -83683.8
1621570122, pt eta : 6.0-30.0 |2.4|, BDT [ 0.20, 1.00 ]
BDT with Chebychev3  NLL : -88447
1621570122, pt eta : 0.0-30.0 |2.4|, BDT [ -1.00, 0.00 ]
BDT with Chebychev3  NLL : -1.01218e+06
1621570122, pt eta : 6.0-30.0 |2.4|, BDT [ -1.00, 0.00 ]
BDT with Chebychev3  NLL : -324957
1621570122, pt eta : 0.0-6.0 |2.4|, BDT [ -1.00, 0.00 ]
BDT with Chebychev3  NLL : -362871
1621570122, pt eta : 6.0-30.0 |2.4|, BDT [ 0.20, 1.00 ]
BDT with Chebychev3  NLL : -51400.3
1621570122, pt eta : 6.0-30.0 |2.4|, BDT [ 0.00, 0.20 ]
BDT with Chebychev3  NLL : -75113.8
1621570122, pt eta : 0.0-30.0 |2.4|, BDT [ 0.20, 1.00 ]
BDT with Chebychev3  NLL : -84007.8
1621570122, pt eta : 0.0-30.0 |2.4|, BDT [ 0.00, 0.20 ]
BDT with Chebychev3  NLL : -174224
1621570122, pt eta : 6.0-30.0 |2.4|, BDT [ -1.00, 0.00 ]
BDT with Chebychev3  NLL : -210242
1621570122, pt eta : 0.0-30.0 |2.4|, BDT [ -1.00, 0.00 ]
BDT with Chebychev3  NLL : -619220
1621570122, pt eta : 0.0-6.0 |2.4|, BDT [ 0.20, 1.00 ]
BDT with Chebychev3  NLL : -13724
1621570122, pt eta : 6.0-30.0 |2.4|, BDT [ 0.20, 1.00 ]
BDT with Chebychev3  NLL : -26328.7
1621570122, pt eta : 6.0-30.0 |2.4|, BDT [ 0.00, 0.20 ]
BDT with Chebychev3  NLL : -33636.8
1621570122, pt eta : 0.0-6.0 |2.4|, BDT [ 0.00, 0.20 ]
BDT with Chebychev3  NLL : -43759.9
1621570122, pt eta : 6.0-30.0 |2.4|, BDT [ -1.00, 0.00 ]
BDT with Chebychev3  NLL : -86569.5
1621570122, pt eta : 0.0-6.0 |2.4|, BDT [ 0.20, 1.00 ]
BDT with Chebychev3  NLL : -1309.41
1621570122, pt eta : 0.0-6.0 |2.4|, BDT [ 0.00, 0.20 ]
BDT with Chebychev3  NLL : -4411
1621570122, pt eta : 0.0-6.0 |2.4|, BDT [ -1.00, 0.00 ]
BDT with Chebychev3  NLL : -17806.2
1621570122, pt eta : 0.0-30.0 |2.4|, BDT [ 0.20, 1.00 ]
BDT with Chebychev3  NLL : -44406.9
1621570122, pt eta : 0.0-6.0 |2.4|, BDT [ -1.00, 0.00 ]
BDT with Chebychev3  NLL : -187939
1621570122, pt eta : 0.0-30.0 |2.4|, BDT [ 0.20, 1.00 ]
BDT with Chebychev3  NLL : -3902.22
1621570122, pt eta : 6.0-30.0 |2.4|, BDT [ 0.00, 0.20 ]
BDT with Chebychev3  NLL : -1847.58
1621570122, pt eta : 6.0-30.0 |2.4|, BDT [ 0.20, 1.00 ]
BDT with Chebychev3  NLL : -2042.62
1621570122, pt eta : 6.0-30.0 |2.4|, BDT [ -1.00, 0.00 ]
BDT with Chebychev3  NLL : -4282.5
1621570122, pt eta : 0.0-30.0 |2.4|, BDT [ 0.00, 0.20 ]
BDT with Chebychev3  NLL : -7136.87
1621570122, pt eta : 0.0-30.0 |2.4|, BDT [ 0.00, 0.20 ]
BDT with Chebychev3  NLL : -85556.9
1621570122, pt eta : 0.0-30.0 |2.4|, BDT [ -1.00, 0.00 ]
BDT with Chebychev3  NLL : -24239.4
1621570122, pt eta : 0.0-30.0 |2.4|, BDT [ -1.00, 0.00 ]
BDT with Chebychev3  NLL : -297466
1621574030, pt eta : 9.0-12.0 |2.4|, BDT [ 0.20, 1.00 ]
BDT with Chebychev3  NLL : -15498.8
1621574030, pt eta : 9.0-12.0 |2.4|, BDT [ 0.00, 0.20 ]
BDT with Chebychev3  NLL : -28493.8
1621574030, pt eta : 0.0-4.0 |2.4|, BDT [ 0.20, 1.00 ]
BDT with Chebychev3  NLL : -37398.2
1621574030, pt eta : 4.0-9.0 |2.4|, BDT [ 0.20, 1.00 ]
BDT with Chebychev3  NLL : -73563.1
1621574030, pt eta : 9.0-12.0 |2.4|, BDT [ -1.00, 0.00 ]
BDT with Chebychev3  NLL : -76667.6
1621574030, pt eta : 0.0-30.0 |2.4|, BDT [ 0.00, 0.20 ]
BDT with Chebychev3  NLL : -363263
1621574030, pt eta : 12.0-30.0 |2.4|, BDT [ 0.20, 1.00 ]
BDT with Chebychev3  NLL : -9869.65
1621574030, pt eta : 12.0-30.0 |2.4|, BDT [ 0.00, 0.20 ]
BDT with Chebychev3  NLL : -10453.4
1621574030, pt eta : 12.0-30.0 |2.4|, BDT [ -1.00, 0.00 ]
BDT with Chebychev3  NLL : -26273.7
1621574030, pt eta : 0.0-4.0 |2.4|, BDT [ 0.00, 0.20 ]
BDT with Chebychev3  NLL : -128807
1621574030, pt eta : 0.0-30.0 |2.4|, BDT [ 0.20, 1.00 ]
BDT with Chebychev3  NLL : -160635
1621574030, pt eta : 4.0-9.0 |2.4|, BDT [ 0.00, 0.20 ]
BDT with Chebychev3  NLL : -155817
1621574030, pt eta : 4.0-9.0 |2.4|, BDT [ -1.00, 0.00 ]
BDT with Chebychev3  NLL : -343401
1621574030, pt eta : 0.0-4.0 |2.4|, BDT [ -1.00, 0.00 ]
BDT with Chebychev3  NLL : -350968
1621574030, pt eta : 0.0-30.0 |2.4|, BDT [ -1.00, 0.00 ]
BDT with Chebychev3  NLL : -905702
1621574976, pt eta : 9.0-12.0 |2.4|, BDT [ 0.20, 1.00 ]
BDT with Chebychev3  NLL : -16198.1
1621574976, pt eta : 0.0-4.0 |2.4|, BDT [ 0.20, 1.00 ]
BDT with Chebychev3  NLL : -24035.6
1621574976, pt eta : 9.0-12.0 |2.4|, BDT [ 0.00, 0.20 ]
BDT with Chebychev3  NLL : -22340.8
1621574976, pt eta : 4.0-9.0 |2.4|, BDT [ 0.20, 1.00 ]
BDT with Chebychev3  NLL : -54859.9
1621574976, pt eta : 4.0-9.0 |2.4|, BDT [ 0.00, 0.20 ]
BDT with Chebychev3  NLL : -108151
1621574976, pt eta : 0.0-4.0 |2.4|, BDT [ 0.00, 0.20 ]
BDT with Chebychev3  NLL : -79173
1621574976, pt eta : 0.0-30.0 |2.4|, BDT [ 0.20, 1.00 ]
BDT with Chebychev3  NLL : -129145
1621574976, pt eta : 9.0-12.0 |2.4|, BDT [ -1.00, 0.00 ]
BDT with Chebychev3  NLL : -82873.9
1621574976, pt eta : 0.0-30.0 |2.4|, BDT [ 0.00, 0.20 ]
BDT with Chebychev3  NLL : -252525
1621574976, pt eta : 12.0-30.0 |2.4|, BDT [ 0.00, 0.20 ]
BDT with Chebychev3  NLL : -7994.95
1621574976, pt eta : 12.0-30.0 |2.4|, BDT [ 0.20, 1.00 ]
BDT with Chebychev3  NLL : -12808.4
1621574976, pt eta : 12.0-30.0 |2.4|, BDT [ -1.00, 0.00 ]
BDT with Chebychev3  NLL : -25855.4
1621574976, pt eta : 4.0-9.0 |2.4|, BDT [ -1.00, 0.00 ]
BDT with Chebychev3  NLL : -418644
1621574976, pt eta : 0.0-4.0 |2.4|, BDT [ -1.00, 0.00 ]
BDT with Chebychev3  NLL : -425040
1621574976, pt eta : 0.0-30.0 |2.4|, BDT [ -1.00, 0.00 ]
BDT with Chebychev3  NLL : -1.07582e+06
1621574976, pt eta : 0.0-6.0 |2.4|, BDT [ 0.20, 1.00 ]
BDT with Chebychev3  NLL : -48444
1621574976, pt eta : 0.0-6.0 |2.4|, BDT [ 0.00, 0.20 ]
BDT with Chebychev3  NLL : -130581
1621574976, pt eta : 0.0-6.0 |2.4|, BDT [ -1.00, 0.00 ]
BDT with Chebychev3  NLL : -629392