1618505174::Many training variable setup
1618505368::Train with QQVtx cosAlpha's and aux tracking info
1618506795::Include QQVtx as variable, many variable training
1618553605::Using only Dimuon varialbe (with QQVtxProb)
1618554895::Training with only dimuon variables and without QQVtxProb
1618555164::dimuon variable without ctau info
1618557066::dimuon witout VtxProb
1618557109::dimuon without Vtx and only with 2D ctau, cosAlpha
1618557150::dimuon without Vtx and without 2D ctau and cos alpha
1618557840::dimuon with Vtx and without 2D ctau and cos alpha
1618563058::Flawed
1618563123::Flawed
1618563558::Flawed
1618564208::new data, dimuon var with QQVtx not included
1618564634::new data, QQdca and QQVtx included
1618900141::full data with QQVtxPrb included with QQdca, but without QQMassErr
1618900655::full data without QQVtxProb & QQMassErr, included QQdca
1618900984::full data no QQVtx, QQMass, include 3D, 2D ctau, cosAlpha
1618909787::full data, included QQ dca, Vtx, 2D 3D ctau,cosAlpha
1618912058::all var, full data with Vtx, too
1618913300::mass up 11.5, full data, full var with Vtx
1618930830::all variables without ctau variables
1619007268::8.00,11.50::BLIND[1,2]::full dimuon variable including QQVtxProb
1619021800::8.00,11.50::BLIND[1,2]::dimuon variable without 3D, including QQVtxProb
1619742556::8.00,11.50::BLIND[3,2]::mass < 11.5, full dimuon variables
1619742722::8.00,11.50::BLIND[3,2]::mass <11.0, full dimuon variables
1619743777::8.00,11.50::BLIND[3,2]::mass <11.0, full dimuon variables
1620628205::8.00,11.50::BLIND[2,2]::NoNorm clarify, full var 
1620628282::8.00,11.50::BLIND[2,2]::NoNorm clarify, full var
1620630542::8.00,11.50::BLIND[2,2]::guass!
1620631235::8.00,11.50::BLIND[2,2]::bkg range 11-11.5, gauss trans
1620633375::8.00,11.50::BLIND[2,2]::no 3D, gauss vartrans
1621564724::8.00,11.50::BLIND[2,2]::new TnP'ed MC, Full var(2D)
1621566386::8.00,11.50::BLIND[2,2]::same as last but bkg weight x50
1621567017::8.00,11.50::BLIND[2,2]::same with last run, clone testtree
1621567081::8.00,11.50::BLIND[2,2]::same from the last run
1621567215::8.00,11.50::BLIND[2,2]::d
1621567517::8.00,11.50::BLIND[2,2]::test!
1621568171::8.00,11.50::BLIND[2,2]::please work, 2D
1621568219::8.00,11.50::BLIND[2,2]::fix
1621570122::8.00,11.50::BLIND[2,2]::wider high mass bkg sample
1621574030::8.00,11.50::BLIND[2,2]::no ctau
1621574976::8.00,11.50::BLIND[2,2]::all var, bkg weighted
1622517421::8.00,11.50::BLIND[2,2]::pT 0 to 6 GeV
1111111111::8,11.5::BLIND[2,2]:: testint bdt info
1622625789::8.00,11.50::BLIND[2,2]:: test
1622626134::8.00,11.50::BLIND[2,2]:: testing with 3 QQMass Derived Variables
1622656830::8.00,11.50::BLIND[2,2]:: whole variable, 0 to 30 pT
1623347672::8.00,11.50::0.00,30.00::0,180::BLIND[2,2]:: testing train control
1623347879::8.00,11.50::0.00,30.00::0,180::BLIND[2,2]:: testing train control 2
Bin by Bin training start----------------------
1623391157::8.00,11.50::0.00,30.00::0,180::BLIND[2,2]:: training full var
1623349746::8.00,11.50::0.00,6.00::0,180::BLIND[2,2]:: training full var
1623349844::8.00,11.50::6.00,30.00::0,180::BLIND[2,2]:: training full var
1623349902::8.00,11.50::0.00,30.00::0,40::BLIND[2,2]:: training full var
1623349943::8.00,11.50::0.00,6.00::0,40::BLIND[2,2]:: training full var
1623349971::8.00,11.50::6.00,30.00::0,40::BLIND[2,2]:: training full var
1623349993::8.00,11.50::0.00,30.00::40,100::BLIND[2,2]:: training full var
1623350045::8.00,11.50::0.00,6.00::40,100::BLIND[2,2]:: training full var
1623350081::8.00,11.50::6.00,30.00::40,100::BLIND[2,2]:: training full var
1623350105::8.00,11.50::0.00,30.00::100,180::BLIND[2,2]:: training full var
1623350172::8.00,11.50::0.00,6.00::100,180::BLIND[2,2]:: training full var
1623350222::8.00,11.50::6.00,30.00::100,180::BLIND[2,2]:: training full var
Bin by Bin training end::1623349594,1623350222
1623392711::8.00,11.50::0.00,30.00::100,180::BLIND[2,2]:: 
1623392863::8.00,11.50::0.00,30.00::100,180::BLIND[2,2]:: 
1623393905::8.00,11.50::0.00,30.00::100,180::BLIND[2,2]:: 
162461676216246168161624616933::8.00,11.50::0.00,30.00::0,180::BLIND[2,2]:: single muon pt eta & pt imb -> FAULTY
1624618265::8.00,11.50::0.00,30.00::0,180::BLIND[2,2]:: single muon pt only -> FAULTY
1624619793::8.00,11.50::0.00,30.00::0,180::BLIND[2,2]:: single muon var eta only
1624620360::8.00,11.50::0.00,30.00::0,180::BLIND[2,2]:: single muon var pt imb & eta
1624621605::8.00,11.50::0.00,30.00::0,180::BLIND[2,2]:: ONLY ptimb
1624622262::8.00,11.50::0.00,30.00::0,180::BLIND[2,2]:: single muon var pt & ptimb
1624624965::8.00,11.50::0.00,30.00::0,180::BLIND[2,2]:: nominal tree hypp, single muon var ptimb
1624878711::8.00,11.50::0.00,30.00::0,180::BLIND[2,2]:: test mtbkg
1624879288::8.00,11.50::0.00,30.00::0,180::BLIND[2,2]:: test with massive OS weight bkg
1624879857::8.00,11.50::0.00,30.00::0,180::BLIND[2,2]:: also a test
1624880225::8.00,11.50::0.00,30.00::0,180::BLIND[2,2]:: also a test, two plus weight 
16248809561624881085::8.00,11.50::0.00,30.00::0,180::BLIND[2,2]:: multibkg test
1624901144::8.00,11.50::0.00,30.00::0,181::BLIND[2,3]::test cross training
1624901437::8.00,11.50::0.00,30.00::0,181::BLIND[3,2]::Pair->1624901144::test cross training
1624902896::8.00,11.50::0.00,30.00::0,181::BLIND[2,3]::test nominal proc.
1624903207::8.00,11.50::0.00,30.00::0,181::BLIND[3,2]::Pair->1624902896::test nominal proc.
1624932471::8.00,11.50::0.00,30.00::0,181::BLIND[2,3]::test run with phi var added
1624932836::8.00,11.50::0.00,30.00::0,181::BLIND[3,2]::Pair->1624932471::test run with phi var added
1624937475::8.00,11.50::0.00,30.00::0,181::BLIND[2,3]::test with updated PtImb
1624937755::8.00,11.50::0.00,30.00::0,181::BLIND[3,2]::Pair->1624937475::test with updated PtImb
1624939190::8.00,11.50::0.00,30.00::0,181::BLIND[2,3]::test ptim
1624939494::8.00,11.50::0.00,30.00::0,181::BLIND[3,2]::Pair->1624939190::test ptim
1624946552::8.00,11.50::0.00,30.00::0,181::BLIND[2,3]::Rerun Nominal with 50 50 divide
1624946818::8.00,11.50::0.00,30.00::0,181::BLIND[3,2]::Pair->1624946552::Rerun Nominal with 50 50 divide
1624947419::8.00,11.50::0.00,30.00::0,181::BLIND[2,3]::Rerun Nominal  with fifty fifty
1624947672::8.00,11.50::0.00,30.00::0,181::BLIND[3,2]::Pair->1624947419::Rerun Nominal  with fifty fifty
1624950212::8.00,11.50::0.00,30.00::0,180::BLIND[1,1]::test
1624951140::8.00,11.50::0.00,30.00::0,180::BLIND[1,1]::test
1624952493::8.00,11.50::0.00,30.00::0,181::BLIND[2,3]::test fix MC input
1624952619::8.00,11.50::0.00,30.00::0,181::BLIND[3,2]::Pair->1624952493::test fix MC input
1624953843::8.00,11.50::0.00,30.00::0,181::BLIND[2,3]::Nominal minus single mu pt cut
1624954004::8.00,11.50::0.00,30.00::0,181::BLIND[3,2]::Pair->1624953843::Nominal minus single mu pt cut
1624954646::8.00,11.50::0.00,30.00::0,181::BLIND[2,3]::Nominal -> Depth -1, Trees *2
1624954816::8.00,11.50::0.00,30.00::0,181::BLIND[3,2]::Pair->1624954646::Nominal -> Depth -1, Trees *2
1624958044::8.00,11.50::0.00,30.00::0,181::BLIND[2,3]::NOMINAL 50/50 For 0629 Dilepton
1624958172::8.00,11.50::0.00,30.00::0,181::BLIND[3,2]::Pair->1624958044::NOMINAL 50/50 For 0629 Dilepton
1624959262::8.00,11.50::0.00,30.00::0,181::BLIND[2,3]::NOMINAL 50/50 -> Depth -1, Trees*2 For 0629 Dilepton
1624959437::8.00,11.50::0.00,30.00::0,181::BLIND[3,2]::Pair->1624959262::NOMINAL 50/50 -> Depth -1, Trees*2 For 0629 Dilepton
1624959855::8.00,11.50::0.00,30.00::0,181::BLIND[2,3]::NOMINAL 50/50 -> J/Psi acc For 0629 Dilepton
1624960022::8.00,11.50::0.00,30.00::0,181::BLIND[3,2]::Pair->1624959855::NOMINAL 50/50 -> J/Psi acc For 0629 Dilepton
1624960267::8.00,11.50::0.00,30.00::0,181::BLIND[2,3]::NOMINAL 50/50 -> Depth -1, Trees*2, J\Psi acc For 0629 Dilepton
1624960667::8.00,11.50::0.00,30.00::0,181::BLIND[3,2]::Pair->1624960267::NOMINAL 50/50 -> Depth -1, Trees*2, J\Psi acc For 0629 Dilepton
1624964222::8.00,11.50::0.00,30.00::0,181::BLIND[2,3]::NOMINAL 50/50 -> Depth -1, Trees*2, J\Psi acc & single mu dcos theta For 0629 Dilepton
1624964467::8.00,11.50::0.00,30.00::0,181::BLIND[3,2]::Pair->1624964222::NOMINAL 50/50 -> Depth -1, Trees*2, J\Psi acc & single mu dcos theta For 0629 Dilepton
1624964760::8.00,11.50::0.00,30.00::0,181::BLIND[2,3]::NOMINAL 50/50 -> Depth -1, Trees*2, J\Psi acc & single mu PtImb For 0629 Dilepton
1624965008::8.00,11.50::0.00,30.00::0,181::BLIND[3,2]::Pair->1624964760::NOMINAL 50/50 -> Depth -1, Trees*2, J\Psi acc & single mu PtImb For 0629 Dilepton
